#
# There is insufficient memory for the Java Runtime Environment to continue.
# Native memory allocation (mmap) failed to map 264241152 bytes for G1 virtual space
# Possible reasons:
#   The system is out of physical RAM or swap space
#   The process is running with CompressedOops enabled, and the Java Heap may be blocking the growth of the native heap
# Possible solutions:
#   Reduce memory load on the system
#   Increase physical memory or swap space
#   Check if swap backing store is full
#   Decrease Java heap size (-Xmx/-Xms)
#   Decrease number of Java threads
#   Decrease Java thread stack sizes (-Xss)
#   Set larger code cache with -XX:ReservedCodeCacheSize=
#   JVM is running with Zero Based Compressed Oops mode in which the Java heap is
#     placed in the first 32GB address space. The Java Heap base address is the
#     maximum limit for the native heap growth. Please use -XX:HeapBaseMinAddress
#     to set the Java Heap base and to place the Java Heap above 32GB virtual address.
# This output file may be truncated or incomplete.
#
#  Out of Memory Error (os_windows.cpp:3603), pid=49256, tid=44300
#
# JRE version:  (21.0.6+8) (build )
# Java VM: Java HotSpot(TM) 64-Bit Server VM (21.0.6+8-LTS-188, mixed mode, sharing, tiered, compressed oops, compressed class ptrs, g1 gc, windows-amd64)
# No core dump will be written. Minidumps are not enabled by default on client versions of Windows
#

---------------  S U M M A R Y ------------

Command Line: -Dclassworlds.conf=C:\Program Files\apache-maven-3.9.9\bin\m2.conf -Dmaven.home=C:\Program Files\apache-maven-3.9.9 -Dlibrary.jansi.path=C:\Program Files\apache-maven-3.9.9\lib\jansi-native -Dmaven.multiModuleProjectDirectory=C:\xampp\htdocs\polyinformatiqueEcomm\kounetportfoliocQRS\getwayservice org.codehaus.plexus.classworlds.launcher.Launcher clean install -DskipTests

Host: 12th Gen Intel(R) Core(TM) i7-1255U, 12 cores, 15G,  Windows 11 , 64 bit Build 26100 (10.0.26100.4202)
Time: Wed Jun 25 10:37:22 2025 Est (heure d, 64 bit Build 26100 (10.0.26100.4202) elapsed time: 2.074203 seconds (0d 0h 0m 2s)

---------------  T H R E A D  ---------------

Current thread (0x00000222be3178c0):  JavaThread "Unknown thread" [_thread_in_vm, id=44300, stack(0x000000f72f100000,0x000000f72f200000) (1024K)]

Stack: [0x000000f72f100000,0x000000f72f200000]
Native frames: (J=compiled Java code, j=interpreted, Vv=VM code, C=native code)
V  [jvm.dll+0x6ca6d9]
V  [jvm.dll+0x854f51]
V  [jvm.dll+0x85747e]
V  [jvm.dll+0x857b53]
V  [jvm.dll+0x27dcc6]
V  [jvm.dll+0x6c6e55]
V  [jvm.dll+0x6bb9da]
V  [jvm.dll+0x35393a]
V  [jvm.dll+0x35b596]
V  [jvm.dll+0x3adefe]
V  [jvm.dll+0x3ae1a8]
V  [jvm.dll+0x327cbc]
V  [jvm.dll+0x32881b]
V  [jvm.dll+0x81e309]
V  [jvm.dll+0x3babe1]
V  [jvm.dll+0x807658]
V  [jvm.dll+0x44fdae]
V  [jvm.dll+0x4519a1]
C  [jli.dll+0x52a3]
C  [ucrtbase.dll+0x37b0]
C  [KERNEL32.DLL+0x2e8d7]
C  [ntdll.dll+0x3c34c]


---------------  P R O C E S S  ---------------

Threads class SMR info:
_java_thread_list=0x00007ffb37decc08, length=0, elements={
}

Java Threads: ( => current thread )
Total: 0

Other Threads:
  0x00000222bfee3b90 WorkerThread "GC Thread#0"                     [id=50936, stack(0x000000f72f200000,0x000000f72f300000) (1024K)]
  0x00000222bfef79d0 ConcurrentGCThread "G1 Main Marker"            [id=7548, stack(0x000000f72f300000,0x000000f72f400000) (1024K)]
  0x00000222bfef9c80 WorkerThread "G1 Conc#0"                       [id=36420, stack(0x000000f72f400000,0x000000f72f500000) (1024K)]

[error occurred during error reporting (printing all threads), id 0xc0000005, EXCEPTION_ACCESS_VIOLATION (0xc0000005) at pc=0x00007ffb3755a427]
VM state: not at safepoint (not fully initialized)

VM Mutex/Monitor currently owned by a thread:  ([mutex/lock_event])
[0x00007ffb37e5df98] Heap_lock - owner thread: 0x00000222be3178c0

Heap address: 0x0000000704400000, size: 4028 MB, Compressed Oops mode: Zero based, Oop shift amount: 3

CDS archive(s) mapped at: [0x0000000000000000-0x0000000000000000-0x0000000000000000), size 0, SharedBaseAddress: 0x0000000800000000, ArchiveRelocationMode: 1.
Narrow klass base: 0x0000000000000000, Narrow klass shift: 0, Narrow klass range: 0x0

GC Precious Log:
 CardTable entry size: 512
 Card Set container configuration: InlinePtr #cards 4 size 8 Array Of Cards #cards 16 size 48 Howl #buckets 8 coarsen threshold 3686 Howl Bitmap #cards 512 size 80 coarsen threshold 460 Card regions per heap region 1 cards per card region 4096

Heap:
 garbage-first heap   total 0K, used 0K [0x0000000704400000, 0x0000000800000000)
  region size 2048K, 0 young (0K), 0 survivors (0K)

[error occurred during error reporting (printing heap information), id 0xc0000005, EXCEPTION_ACCESS_VIOLATION (0xc0000005) at pc=0x00007ffb379436a9]
GC Heap History (0 events):
No events

Dll operation events (1 events):
Event: 0.032 Loaded shared library C:\Program Files\Java\jdk-21.0.6\bin\java.dll

Deoptimization events (0 events):
No events

Classes loaded (0 events):
No events

Classes unloaded (0 events):
No events

Classes redefined (0 events):
No events

Internal exceptions (0 events):
No events

ZGC Phase Switch (0 events):
No events

VM Operations (0 events):
No events

Events (0 events):
No events


Dynamic libraries:
0x00007ff7d2580000 - 0x00007ff7d2590000 	C:\Program Files\Java\jdk-21.0.6\bin\java.exe
0x00007ffbc2960000 - 0x00007ffbc2bc5000 	C:\Windows\SYSTEM32\ntdll.dll
0x00007ffbc0f90000 - 0x00007ffbc1059000 	C:\Windows\System32\KERNEL32.DLL
0x00007ffbbfd70000 - 0x00007ffbc0158000 	C:\Windows\System32\KERNELBASE.dll
0x00007ffbc05b0000 - 0x00007ffbc06fb000 	C:\Windows\System32\ucrtbase.dll
0x00007ffba8d40000 - 0x00007ffba8d59000 	C:\Program Files\Java\jdk-21.0.6\bin\jli.dll
0x00007ffba9a20000 - 0x00007ffba9a3b000 	C:\Program Files\Java\jdk-21.0.6\bin\VCRUNTIME140.dll
0x00007ffbc1e40000 - 0x00007ffbc1ef3000 	C:\Windows\System32\ADVAPI32.dll
0x00007ffbc1c00000 - 0x00007ffbc1ca9000 	C:\Windows\System32\msvcrt.dll
0x00007ffbc07d0000 - 0x00007ffbc0876000 	C:\Windows\System32\sechost.dll
0x00007ffbc1d10000 - 0x00007ffbc1e25000 	C:\Windows\System32\RPCRT4.dll
0x00007ffbc20e0000 - 0x00007ffbc22aa000 	C:\Windows\System32\USER32.dll
0x00007ffbbfab0000 - 0x00007ffbbfad7000 	C:\Windows\System32\win32u.dll
0x00007ffb8ede0000 - 0x00007ffb8f07a000 	C:\Windows\WinSxS\amd64_microsoft.windows.common-controls_6595b64144ccf1df_6.0.26100.4202_none_3e0698d4e335f517\COMCTL32.dll
0x00007ffbc07a0000 - 0x00007ffbc07cb000 	C:\Windows\System32\GDI32.dll
0x00007ffbbfc30000 - 0x00007ffbbfd67000 	C:\Windows\System32\gdi32full.dll
0x00007ffbbfb80000 - 0x00007ffbbfc23000 	C:\Windows\System32\msvcp_win.dll
0x00007ffba0500000 - 0x00007ffba050b000 	C:\Windows\SYSTEM32\VERSION.dll
0x00007ffbc0bc0000 - 0x00007ffbc0bf0000 	C:\Windows\System32\IMM32.DLL
0x00007ffbab2f0000 - 0x00007ffbab2fc000 	C:\Program Files\Java\jdk-21.0.6\bin\vcruntime140_1.dll
0x00007ffb90e50000 - 0x00007ffb90ede000 	C:\Program Files\Java\jdk-21.0.6\bin\msvcp140.dll
0x00007ffb37220000 - 0x00007ffb37f3a000 	C:\Program Files\Java\jdk-21.0.6\bin\server\jvm.dll
0x00007ffbbf900000 - 0x00007ffbbf95e000 	C:\Windows\SYSTEM32\POWRPROF.dll
0x00007ffbc08d0000 - 0x00007ffbc0944000 	C:\Windows\System32\WS2_32.dll
0x00007ffbb6330000 - 0x00007ffbb6365000 	C:\Windows\SYSTEM32\WINMM.dll
0x00007ffbbf8e0000 - 0x00007ffbbf8f4000 	C:\Windows\SYSTEM32\UMPDC.dll
0x00007ffbbe7b0000 - 0x00007ffbbe7cb000 	C:\Windows\SYSTEM32\kernel.appcore.dll
0x00007ffbaa2d0000 - 0x00007ffbaa2da000 	C:\Program Files\Java\jdk-21.0.6\bin\jimage.dll
0x00007ffbbd150000 - 0x00007ffbbd391000 	C:\Windows\SYSTEM32\DBGHELP.DLL
0x00007ffbc0c00000 - 0x00007ffbc0f85000 	C:\Windows\System32\combase.dll
0x00007ffbc0ad0000 - 0x00007ffbc0bb1000 	C:\Windows\System32\OLEAUT32.dll
0x00007ffb86880000 - 0x00007ffb868b9000 	C:\Windows\SYSTEM32\dbgcore.DLL
0x00007ffbbfae0000 - 0x00007ffbbfb79000 	C:\Windows\System32\bcryptPrimitives.dll
0x00007ffba8cd0000 - 0x00007ffba8cef000 	C:\Program Files\Java\jdk-21.0.6\bin\java.dll

dbghelp: loaded successfully - version: 4.0.5 - missing functions: none
symbol engine: initialized successfully - sym options: 0x614 - pdb path: .;C:\Program Files\Java\jdk-21.0.6\bin;C:\Windows\SYSTEM32;C:\Windows\WinSxS\amd64_microsoft.windows.common-controls_6595b64144ccf1df_6.0.26100.4202_none_3e0698d4e335f517;C:\Program Files\Java\jdk-21.0.6\bin\server

VM Arguments:
jvm_args: -Dclassworlds.conf=C:\Program Files\apache-maven-3.9.9\bin\m2.conf -Dmaven.home=C:\Program Files\apache-maven-3.9.9 -Dlibrary.jansi.path=C:\Program Files\apache-maven-3.9.9\lib\jansi-native -Dmaven.multiModuleProjectDirectory=C:\xampp\htdocs\polyinformatiqueEcomm\kounetportfoliocQRS\getwayservice 
java_command: org.codehaus.plexus.classworlds.launcher.Launcher clean install -DskipTests
java_class_path (initial): C:\Program Files\apache-maven-3.9.9\boot\plexus-classworlds-2.8.0.jar
Launcher Type: SUN_STANDARD

[Global flags]
     intx CICompilerCount                          = 4                                         {product} {ergonomic}
     uint ConcGCThreads                            = 3                                         {product} {ergonomic}
     uint G1ConcRefinementThreads                  = 10                                        {product} {ergonomic}
   size_t G1HeapRegionSize                         = 2097152                                   {product} {ergonomic}
    uintx GCDrainStackTargetSize                   = 64                                        {product} {ergonomic}
   size_t InitialHeapSize                          = 264241152                                 {product} {ergonomic}
   size_t MarkStackSize                            = 4194304                                   {product} {ergonomic}
   size_t MaxHeapSize                              = 4223664128                                {product} {ergonomic}
   size_t MinHeapDeltaBytes                        = 2097152                                   {product} {ergonomic}
   size_t MinHeapSize                              = 8388608                                   {product} {ergonomic}
    uintx NonNMethodCodeHeapSize                   = 5839372                                {pd product} {ergonomic}
    uintx NonProfiledCodeHeapSize                  = 122909434                              {pd product} {ergonomic}
    uintx ProfiledCodeHeapSize                     = 122909434                              {pd product} {ergonomic}
    uintx ReservedCodeCacheSize                    = 251658240                              {pd product} {ergonomic}
     bool SegmentedCodeCache                       = true                                      {product} {ergonomic}
   size_t SoftMaxHeapSize                          = 4223664128                             {manageable} {ergonomic}
     bool UseCompressedOops                        = true                           {product lp64_product} {ergonomic}
     bool UseG1GC                                  = true                                      {product} {ergonomic}
     bool UseLargePagesIndividualAllocation        = false                                  {pd product} {ergonomic}

Logging:
Log output configuration:
 #0: stdout all=warning uptime,level,tags foldmultilines=false
 #1: stderr all=off uptime,level,tags foldmultilines=false

Environment Variables:
PATH=C:\Program Files (x86)\VMware\VMware Player\bin\;C:\Python313\Scripts\;C:\Python313\;C:\Program Files\Java\jdk-21.0.6\bin;C:\Windows\system32;C:\Windows;C:\Windows\System32\Wbem;C:\Windows\System32\WindowsPowerShell\v1.0\;C:\Windows\System32\OpenSSH\;C:\Program Files (x86)\Yarn\bin\;C:\ProgramData\chocolatey\bin;C:\Program Files\apache-maven-3.9.9\bin;C:\Program Files\Git\cmd;C:\Program Files\Docker\Docker\resources\bin;C:\xampp\php;C:\composer;%NVM_HOME%;%NVM_SYMLINK%;C:\Users\fopoa\AppData\Local\Microsoft\WindowsApps;C:\Users\fopoa\AppData\Local\Programs\Microsoft VS Code\bin;C:\Users\fopoa\AppData\Roaming\npm;C:\Users\fopoa\AppData\Local\Yarn\bin;C:\Program Files\JetBrains\IntelliJ IDEA 2024.3.2.2\bin;;C:\Program Files\Java\jdk-21.0.6\bin;C:\Users\fopoa\AppData\Local\GitHubDesktop\bin;C:\Users\fopoa\AppData\Roaming\Composer\vendor\bin;C:\Users\fopoa\AppData\Local\nvm;C:\nvm4w\nodejs
USERNAME=fopoa
OS=Windows_NT
PROCESSOR_IDENTIFIER=Intel64 Family 6 Model 154 Stepping 4, GenuineIntel
TMP=C:\Users\fopoa\AppData\Local\Temp
TEMP=C:\Users\fopoa\AppData\Local\Temp




Periodic native trim disabled

---------------  S Y S T E M  ---------------

OS:
 Windows 11 , 64 bit Build 26100 (10.0.26100.4202)
OS uptime: 8 days 16:07 hours
Hyper-V role detected

CPU: total 12 (initial active 12) (6 cores per cpu, 2 threads per core) family 6 model 154 stepping 4 microcode 0x433, cx8, cmov, fxsr, ht, mmx, 3dnowpref, sse, sse2, sse3, ssse3, sse4.1, sse4.2, popcnt, lzcnt, tsc, tscinvbit, avx, avx2, aes, erms, clmul, bmi1, bmi2, adx, sha, fma, vzeroupper, clflush, clflushopt, clwb, hv, serialize, rdtscp, rdpid, fsrm, f16c, cet_ibt, cet_ss
Processor Information for processor 0
  Max Mhz: 1700, Current Mhz: 1700, Mhz Limit: 1700
Processor Information for processor 1
  Max Mhz: 1700, Current Mhz: 1700, Mhz Limit: 1700
Processor Information for processor 2
  Max Mhz: 1700, Current Mhz: 1700, Mhz Limit: 1700
Processor Information for processor 3
  Max Mhz: 1700, Current Mhz: 1700, Mhz Limit: 1700
Processor Information for processor 4
  Max Mhz: 1200, Current Mhz: 1200, Mhz Limit: 1200
Processor Information for processor 5
  Max Mhz: 1200, Current Mhz: 1200, Mhz Limit: 1200
Processor Information for processor 6
  Max Mhz: 1200, Current Mhz: 1200, Mhz Limit: 1200
Processor Information for processor 7
  Max Mhz: 1200, Current Mhz: 1200, Mhz Limit: 1200
Processor Information for processor 8
  Max Mhz: 1200, Current Mhz: 1200, Mhz Limit: 1200
Processor Information for processor 9
  Max Mhz: 1200, Current Mhz: 1200, Mhz Limit: 1200
Processor Information for processor 10
  Max Mhz: 1200, Current Mhz: 1200, Mhz Limit: 1200
Processor Information for processor 11
  Max Mhz: 1200, Current Mhz: 1200, Mhz Limit: 1200

Memory: 4k page, system-wide physical 16108M (540M free)
TotalPageFile size 40698M (AvailPageFile size 177M)
current process WorkingSet (physical memory assigned to process): 13M, peak: 13M
current process commit charge ("private bytes"): 64M, peak: 316M

vm_info: Java HotSpot(TM) 64-Bit Server VM (21.0.6+8-LTS-188) for windows-amd64 JRE (21.0.6+8-LTS-188), built on 2024-12-03T10:50:54Z by "mach5one" with MS VC++ 17.6 (VS2022)

END.
