#
# There is insufficient memory for the Java Runtime Environment to continue.
# Native memory allocation (malloc) failed to allocate 1175536 bytes for Chunk::new
# Possible reasons:
#   The system is out of physical RAM or swap space
#   The process is running with CompressedOops enabled, and the Java Heap may be blocking the growth of the native heap
# Possible solutions:
#   Reduce memory load on the system
#   Increase physical memory or swap space
#   Check if swap backing store is full
#   Decrease Java heap size (-Xmx/-Xms)
#   Decrease number of Java threads
#   Decrease Java thread stack sizes (-Xss)
#   Set larger code cache with -XX:ReservedCodeCacheSize=
#   JVM is running with Zero Based Compressed Oops mode in which the Java heap is
#     placed in the first 32GB address space. The Java Heap base address is the
#     maximum limit for the native heap growth. Please use -XX:HeapBaseMinAddress
#     to set the Java Heap base and to place the Java Heap above 32GB virtual address.
# This output file may be truncated or incomplete.
#
#  Out of Memory Error (arena.cpp:168), pid=44504, tid=31696
#
# JRE version: Java(TM) SE Runtime Environment (21.0.6+8) (build 21.0.6+8-LTS-188)
# Java VM: Java HotSpot(TM) 64-Bit Server VM (21.0.6+8-LTS-188, mixed mode, sharing, tiered, compressed oops, compressed class ptrs, g1 gc, windows-amd64)
# No core dump will be written. Minidumps are not enabled by default on client versions of Windows
#

---------------  S U M M A R Y ------------

Command Line: -Dclassworlds.conf=C:\Program Files\apache-maven-3.9.9\bin\m2.conf -Dmaven.home=C:\Program Files\apache-maven-3.9.9 -Dlibrary.jansi.path=C:\Program Files\apache-maven-3.9.9\lib\jansi-native -Dmaven.multiModuleProjectDirectory=C:\xampp\htdocs\polyinformatiqueEcomm\kounetportfoliocQRS\polyinformatique-core-API org.codehaus.plexus.classworlds.launcher.Launcher clean install -DskipTests

Host: 12th Gen Intel(R) Core(TM) i7-1255U, 12 cores, 15G,  Windows 11 , 64 bit Build 26100 (10.0.26100.4202)
Time: Thu Jun 26 13:07:40 2025 Est (heure d, 64 bit Build 26100 (10.0.26100.4202) elapsed time: 11.793075 seconds (0d 0h 0m 11s)

---------------  T H R E A D  ---------------

Current thread (0x00000244f3f945c0):  JavaThread "C2 CompilerThread0" daemon [_thread_in_native, id=31696, stack(0x0000007ef1d00000,0x0000007ef1e00000) (1024K)]


Current CompileTask:
C2:  11793 4811       4       org.apache.maven.model.inheritance.DefaultInheritanceAssembler$InheritanceModelMerger::mergePluginContainer_Plugins (433 bytes)

Stack: [0x0000007ef1d00000,0x0000007ef1e00000]
Native frames: (J=compiled Java code, j=interpreted, Vv=VM code, C=native code)
V  [jvm.dll+0x6ca6d9]
V  [jvm.dll+0x854f51]
V  [jvm.dll+0x85747e]
V  [jvm.dll+0x857b53]
V  [jvm.dll+0x27dcc6]
V  [jvm.dll+0xc4c2d]
V  [jvm.dll+0xc5163]
V  [jvm.dll+0x3b5122]
V  [jvm.dll+0x1df633]
V  [jvm.dll+0x246a72]
V  [jvm.dll+0x245eff]
V  [jvm.dll+0x1c6d2e]
V  [jvm.dll+0x2554f9]
V  [jvm.dll+0x253a8a]
V  [jvm.dll+0x3ee576]
V  [jvm.dll+0x7ff2fb]
V  [jvm.dll+0x6c8dbd]
C  [ucrtbase.dll+0x37b0]
C  [KERNEL32.DLL+0x2e8d7]
C  [ntdll.dll+0x3c34c]


---------------  P R O C E S S  ---------------

Threads class SMR info:
_java_thread_list=0x00000244f8e5e170, length=12, elements={
0x00000244d26975e0, 0x00000244f3f81b90, 0x00000244f3f86e00, 0x00000244f3f8d520,
0x00000244f3f8df70, 0x00000244f3f909d0, 0x00000244f3f93430, 0x00000244f3f945c0,
0x00000244f3f9ef10, 0x00000244f828a790, 0x00000244f82931a0, 0x00000244f97b9360
}

Java Threads: ( => current thread )
  0x00000244d26975e0 JavaThread "main"                              [_thread_in_Java, id=47508, stack(0x0000007ef0f00000,0x0000007ef1000000) (1024K)]
  0x00000244f3f81b90 JavaThread "Reference Handler"          daemon [_thread_blocked, id=43168, stack(0x0000007ef1700000,0x0000007ef1800000) (1024K)]
  0x00000244f3f86e00 JavaThread "Finalizer"                  daemon [_thread_blocked, id=41084, stack(0x0000007ef1800000,0x0000007ef1900000) (1024K)]
  0x00000244f3f8d520 JavaThread "Signal Dispatcher"          daemon [_thread_blocked, id=47204, stack(0x0000007ef1900000,0x0000007ef1a00000) (1024K)]
  0x00000244f3f8df70 JavaThread "Attach Listener"            daemon [_thread_blocked, id=48604, stack(0x0000007ef1a00000,0x0000007ef1b00000) (1024K)]
  0x00000244f3f909d0 JavaThread "Service Thread"             daemon [_thread_blocked, id=34836, stack(0x0000007ef1b00000,0x0000007ef1c00000) (1024K)]
  0x00000244f3f93430 JavaThread "Monitor Deflation Thread"   daemon [_thread_blocked, id=35896, stack(0x0000007ef1c00000,0x0000007ef1d00000) (1024K)]
=>0x00000244f3f945c0 JavaThread "C2 CompilerThread0"         daemon [_thread_in_native, id=31696, stack(0x0000007ef1d00000,0x0000007ef1e00000) (1024K)]
  0x00000244f3f9ef10 JavaThread "C1 CompilerThread0"         daemon [_thread_blocked, id=44992, stack(0x0000007ef1e00000,0x0000007ef1f00000) (1024K)]
  0x00000244f828a790 JavaThread "Notification Thread"        daemon [_thread_blocked, id=51256, stack(0x0000007ef1f00000,0x0000007ef2000000) (1024K)]
  0x00000244f82931a0 JavaThread "Common-Cleaner"             daemon [_thread_blocked, id=48284, stack(0x0000007ef2000000,0x0000007ef2100000) (1024K)]
  0x00000244f97b9360 JavaThread "Thread-1"                   daemon [_thread_blocked, id=12156, stack(0x0000007ef2b00000,0x0000007ef2c00000) (1024K)]
Total: 12

Other Threads:
  0x00000244f3f67220 VMThread "VM Thread"                           [id=53592, stack(0x0000007ef1600000,0x0000007ef1700000) (1024K)]
  0x00000244f3f55930 WatcherThread "VM Periodic Task Thread"        [id=48612, stack(0x0000007ef1500000,0x0000007ef1600000) (1024K)]
  0x00000244d4ae3240 WorkerThread "GC Thread#0"                     [id=6460, stack(0x0000007ef1000000,0x0000007ef1100000) (1024K)]
  0x00000244f93e13f0 WorkerThread "GC Thread#1"                     [id=9932, stack(0x0000007ef2300000,0x0000007ef2400000) (1024K)]
  0x00000244f93e1790 WorkerThread "GC Thread#2"                     [id=38472, stack(0x0000007ef2400000,0x0000007ef2500000) (1024K)]
  0x00000244f93e1b30 WorkerThread "GC Thread#3"                     [id=21760, stack(0x0000007ef2500000,0x0000007ef2600000) (1024K)]
  0x00000244f8e5d980 WorkerThread "GC Thread#4"                     [id=42856, stack(0x0000007ef2600000,0x0000007ef2700000) (1024K)]
  0x00000244f8e5dd20 WorkerThread "GC Thread#5"                     [id=53528, stack(0x0000007ef2700000,0x0000007ef2800000) (1024K)]
  0x00000244f9662730 WorkerThread "GC Thread#6"                     [id=20668, stack(0x0000007ef2800000,0x0000007ef2900000) (1024K)]
  0x00000244f9662ad0 WorkerThread "GC Thread#7"                     [id=39172, stack(0x0000007ef2900000,0x0000007ef2a00000) (1024K)]
  0x00000244f9207f30 WorkerThread "GC Thread#8"                     [id=18324, stack(0x0000007ef2100000,0x0000007ef2200000) (1024K)]
  0x00000244f9208a10 WorkerThread "GC Thread#9"                     [id=47188, stack(0x0000007ef2200000,0x0000007ef2300000) (1024K)]
  0x00000244d4af51f0 ConcurrentGCThread "G1 Main Marker"            [id=18820, stack(0x0000007ef1100000,0x0000007ef1200000) (1024K)]
  0x00000244d4af8390 WorkerThread "G1 Conc#0"                       [id=42944, stack(0x0000007ef1200000,0x0000007ef1300000) (1024K)]
  0x00000244f3e27840 ConcurrentGCThread "G1 Refine#0"               [id=28848, stack(0x0000007ef1300000,0x0000007ef1400000) (1024K)]
  0x00000244f3e282c0 ConcurrentGCThread "G1 Service"                [id=48044, stack(0x0000007ef1400000,0x0000007ef1500000) (1024K)]
Total: 16

Threads with active compile tasks:
C2 CompilerThread0    11827 4811       4       org.apache.maven.model.inheritance.DefaultInheritanceAssembler$InheritanceModelMerger::mergePluginContainer_Plugins (433 bytes)
Total: 1

VM state: not at safepoint (normal execution)

VM Mutex/Monitor currently owned by a thread: None

Heap address: 0x0000000704400000, size: 4028 MB, Compressed Oops mode: Zero based, Oop shift amount: 3

CDS archive(s) mapped at: [0x0000024480000000-0x0000024480c90000-0x0000024480c90000), size 13172736, SharedBaseAddress: 0x0000024480000000, ArchiveRelocationMode: 1.
Compressed class space mapped at: 0x0000024481000000-0x00000244c1000000, reserved size: 1073741824
Narrow klass base: 0x0000024480000000, Narrow klass shift: 0, Narrow klass range: 0x100000000

GC Precious Log:
 CardTable entry size: 512
 Card Set container configuration: InlinePtr #cards 4 size 8 Array Of Cards #cards 16 size 48 Howl #buckets 8 coarsen threshold 3686 Howl Bitmap #cards 512 size 80 coarsen threshold 460 Card regions per heap region 1 cards per card region 4096
 CPUs: 12 total, 12 available
 Memory: 16108M
 Large Page Support: Disabled
 NUMA Support: Disabled
 Compressed Oops: Enabled (Zero based)
 Heap Region Size: 2M
 Heap Min Capacity: 8M
 Heap Initial Capacity: 252M
 Heap Max Capacity: 4028M
 Pre-touch: Disabled
 Parallel Workers: 10
 Concurrent Workers: 3
 Concurrent Refinement Workers: 10
 Periodic GC: Disabled

Heap:
 garbage-first heap   total 258048K, used 34079K [0x0000000704400000, 0x0000000800000000)
  region size 2048K, 16 young (32768K), 7 survivors (14336K)
 Metaspace       used 16917K, committed 17216K, reserved 1114112K
  class space    used 1863K, committed 1984K, reserved 1048576K

Heap Regions: E=young(eden), S=young(survivor), O=old, HS=humongous(starts), HC=humongous(continues), CS=collection set, F=free, TAMS=top-at-mark-start, PB=parsable bottom
|   0|0x0000000704400000, 0x0000000704600000, 0x0000000704600000|100%| O|  |TAMS 0x0000000704400000| PB 0x0000000704400000| Untracked 
|   1|0x0000000704600000, 0x0000000704775ce0, 0x0000000704800000| 73%| O|  |TAMS 0x0000000704600000| PB 0x0000000704600000| Untracked 
|   2|0x0000000704800000, 0x0000000704800000, 0x0000000704a00000|  0%| F|  |TAMS 0x0000000704800000| PB 0x0000000704800000| Untracked 
|   3|0x0000000704a00000, 0x0000000704a00000, 0x0000000704c00000|  0%| F|  |TAMS 0x0000000704a00000| PB 0x0000000704a00000| Untracked 
|   4|0x0000000704c00000, 0x0000000704c00000, 0x0000000704e00000|  0%| F|  |TAMS 0x0000000704c00000| PB 0x0000000704c00000| Untracked 
|   5|0x0000000704e00000, 0x0000000704e00000, 0x0000000705000000|  0%| F|  |TAMS 0x0000000704e00000| PB 0x0000000704e00000| Untracked 
|   6|0x0000000705000000, 0x0000000705000000, 0x0000000705200000|  0%| F|  |TAMS 0x0000000705000000| PB 0x0000000705000000| Untracked 
|   7|0x0000000705200000, 0x0000000705200000, 0x0000000705400000|  0%| F|  |TAMS 0x0000000705200000| PB 0x0000000705200000| Untracked 
|   8|0x0000000705400000, 0x0000000705400000, 0x0000000705600000|  0%| F|  |TAMS 0x0000000705400000| PB 0x0000000705400000| Untracked 
|   9|0x0000000705600000, 0x0000000705600000, 0x0000000705800000|  0%| F|  |TAMS 0x0000000705600000| PB 0x0000000705600000| Untracked 
|  10|0x0000000705800000, 0x0000000705800000, 0x0000000705a00000|  0%| F|  |TAMS 0x0000000705800000| PB 0x0000000705800000| Untracked 
|  11|0x0000000705a00000, 0x0000000705a00000, 0x0000000705c00000|  0%| F|  |TAMS 0x0000000705a00000| PB 0x0000000705a00000| Untracked 
|  12|0x0000000705c00000, 0x0000000705c00000, 0x0000000705e00000|  0%| F|  |TAMS 0x0000000705c00000| PB 0x0000000705c00000| Untracked 
|  13|0x0000000705e00000, 0x0000000705e00000, 0x0000000706000000|  0%| F|  |TAMS 0x0000000705e00000| PB 0x0000000705e00000| Untracked 
|  14|0x0000000706000000, 0x0000000706000000, 0x0000000706200000|  0%| F|  |TAMS 0x0000000706000000| PB 0x0000000706000000| Untracked 
|  15|0x0000000706200000, 0x0000000706200000, 0x0000000706400000|  0%| F|  |TAMS 0x0000000706200000| PB 0x0000000706200000| Untracked 
|  16|0x0000000706400000, 0x0000000706400000, 0x0000000706600000|  0%| F|  |TAMS 0x0000000706400000| PB 0x0000000706400000| Untracked 
|  17|0x0000000706600000, 0x0000000706600000, 0x0000000706800000|  0%| F|  |TAMS 0x0000000706600000| PB 0x0000000706600000| Untracked 
|  18|0x0000000706800000, 0x0000000706800000, 0x0000000706a00000|  0%| F|  |TAMS 0x0000000706800000| PB 0x0000000706800000| Untracked 
|  19|0x0000000706a00000, 0x0000000706a00000, 0x0000000706c00000|  0%| F|  |TAMS 0x0000000706a00000| PB 0x0000000706a00000| Untracked 
|  20|0x0000000706c00000, 0x0000000706c00000, 0x0000000706e00000|  0%| F|  |TAMS 0x0000000706c00000| PB 0x0000000706c00000| Untracked 
|  21|0x0000000706e00000, 0x0000000706e00000, 0x0000000707000000|  0%| F|  |TAMS 0x0000000706e00000| PB 0x0000000706e00000| Untracked 
|  22|0x0000000707000000, 0x0000000707000000, 0x0000000707200000|  0%| F|  |TAMS 0x0000000707000000| PB 0x0000000707000000| Untracked 
|  23|0x0000000707200000, 0x0000000707200000, 0x0000000707400000|  0%| F|  |TAMS 0x0000000707200000| PB 0x0000000707200000| Untracked 
|  24|0x0000000707400000, 0x0000000707400000, 0x0000000707600000|  0%| F|  |TAMS 0x0000000707400000| PB 0x0000000707400000| Untracked 
|  25|0x0000000707600000, 0x0000000707600000, 0x0000000707800000|  0%| F|  |TAMS 0x0000000707600000| PB 0x0000000707600000| Untracked 
|  26|0x0000000707800000, 0x0000000707800000, 0x0000000707a00000|  0%| F|  |TAMS 0x0000000707800000| PB 0x0000000707800000| Untracked 
|  27|0x0000000707a00000, 0x0000000707a00000, 0x0000000707c00000|  0%| F|  |TAMS 0x0000000707a00000| PB 0x0000000707a00000| Untracked 
|  28|0x0000000707c00000, 0x0000000707c00000, 0x0000000707e00000|  0%| F|  |TAMS 0x0000000707c00000| PB 0x0000000707c00000| Untracked 
|  29|0x0000000707e00000, 0x0000000707e00000, 0x0000000708000000|  0%| F|  |TAMS 0x0000000707e00000| PB 0x0000000707e00000| Untracked 
|  30|0x0000000708000000, 0x0000000708000000, 0x0000000708200000|  0%| F|  |TAMS 0x0000000708000000| PB 0x0000000708000000| Untracked 
|  31|0x0000000708200000, 0x0000000708200000, 0x0000000708400000|  0%| F|  |TAMS 0x0000000708200000| PB 0x0000000708200000| Untracked 
|  32|0x0000000708400000, 0x0000000708400000, 0x0000000708600000|  0%| F|  |TAMS 0x0000000708400000| PB 0x0000000708400000| Untracked 
|  33|0x0000000708600000, 0x0000000708600000, 0x0000000708800000|  0%| F|  |TAMS 0x0000000708600000| PB 0x0000000708600000| Untracked 
|  34|0x0000000708800000, 0x0000000708800000, 0x0000000708a00000|  0%| F|  |TAMS 0x0000000708800000| PB 0x0000000708800000| Untracked 
|  35|0x0000000708a00000, 0x0000000708a00000, 0x0000000708c00000|  0%| F|  |TAMS 0x0000000708a00000| PB 0x0000000708a00000| Untracked 
|  36|0x0000000708c00000, 0x0000000708c00000, 0x0000000708e00000|  0%| F|  |TAMS 0x0000000708c00000| PB 0x0000000708c00000| Untracked 
|  37|0x0000000708e00000, 0x0000000708e00000, 0x0000000709000000|  0%| F|  |TAMS 0x0000000708e00000| PB 0x0000000708e00000| Untracked 
|  38|0x0000000709000000, 0x0000000709000000, 0x0000000709200000|  0%| F|  |TAMS 0x0000000709000000| PB 0x0000000709000000| Untracked 
|  39|0x0000000709200000, 0x0000000709200000, 0x0000000709400000|  0%| F|  |TAMS 0x0000000709200000| PB 0x0000000709200000| Untracked 
|  40|0x0000000709400000, 0x0000000709400000, 0x0000000709600000|  0%| F|  |TAMS 0x0000000709400000| PB 0x0000000709400000| Untracked 
|  41|0x0000000709600000, 0x0000000709600000, 0x0000000709800000|  0%| F|  |TAMS 0x0000000709600000| PB 0x0000000709600000| Untracked 
|  42|0x0000000709800000, 0x0000000709800000, 0x0000000709a00000|  0%| F|  |TAMS 0x0000000709800000| PB 0x0000000709800000| Untracked 
|  43|0x0000000709a00000, 0x0000000709a00000, 0x0000000709c00000|  0%| F|  |TAMS 0x0000000709a00000| PB 0x0000000709a00000| Untracked 
|  44|0x0000000709c00000, 0x0000000709dd1fe0, 0x0000000709e00000| 91%| S|CS|TAMS 0x0000000709c00000| PB 0x0000000709c00000| Complete 
|  45|0x0000000709e00000, 0x000000070a000000, 0x000000070a000000|100%| S|CS|TAMS 0x0000000709e00000| PB 0x0000000709e00000| Complete 
|  46|0x000000070a000000, 0x000000070a200000, 0x000000070a200000|100%| S|CS|TAMS 0x000000070a000000| PB 0x000000070a000000| Complete 
|  47|0x000000070a200000, 0x000000070a400000, 0x000000070a400000|100%| S|CS|TAMS 0x000000070a200000| PB 0x000000070a200000| Complete 
|  48|0x000000070a400000, 0x000000070a600000, 0x000000070a600000|100%| S|CS|TAMS 0x000000070a400000| PB 0x000000070a400000| Complete 
|  49|0x000000070a600000, 0x000000070a800000, 0x000000070a800000|100%| S|CS|TAMS 0x000000070a600000| PB 0x000000070a600000| Complete 
|  50|0x000000070a800000, 0x000000070aa00000, 0x000000070aa00000|100%| S|CS|TAMS 0x000000070a800000| PB 0x000000070a800000| Complete 
|  51|0x000000070aa00000, 0x000000070aa00000, 0x000000070ac00000|  0%| F|  |TAMS 0x000000070aa00000| PB 0x000000070aa00000| Untracked 
|  52|0x000000070ac00000, 0x000000070ac00000, 0x000000070ae00000|  0%| F|  |TAMS 0x000000070ac00000| PB 0x000000070ac00000| Untracked 
|  53|0x000000070ae00000, 0x000000070ae00000, 0x000000070b000000|  0%| F|  |TAMS 0x000000070ae00000| PB 0x000000070ae00000| Untracked 
|  54|0x000000070b000000, 0x000000070b000000, 0x000000070b200000|  0%| F|  |TAMS 0x000000070b000000| PB 0x000000070b000000| Untracked 
|  55|0x000000070b200000, 0x000000070b200000, 0x000000070b400000|  0%| F|  |TAMS 0x000000070b200000| PB 0x000000070b200000| Untracked 
|  56|0x000000070b400000, 0x000000070b400000, 0x000000070b600000|  0%| F|  |TAMS 0x000000070b400000| PB 0x000000070b400000| Untracked 
|  57|0x000000070b600000, 0x000000070b600000, 0x000000070b800000|  0%| F|  |TAMS 0x000000070b600000| PB 0x000000070b600000| Untracked 
|  58|0x000000070b800000, 0x000000070b800000, 0x000000070ba00000|  0%| F|  |TAMS 0x000000070b800000| PB 0x000000070b800000| Untracked 
|  59|0x000000070ba00000, 0x000000070ba00000, 0x000000070bc00000|  0%| F|  |TAMS 0x000000070ba00000| PB 0x000000070ba00000| Untracked 
|  60|0x000000070bc00000, 0x000000070bc00000, 0x000000070be00000|  0%| F|  |TAMS 0x000000070bc00000| PB 0x000000070bc00000| Untracked 
|  61|0x000000070be00000, 0x000000070be00000, 0x000000070c000000|  0%| F|  |TAMS 0x000000070be00000| PB 0x000000070be00000| Untracked 
|  62|0x000000070c000000, 0x000000070c000000, 0x000000070c200000|  0%| F|  |TAMS 0x000000070c000000| PB 0x000000070c000000| Untracked 
|  63|0x000000070c200000, 0x000000070c200000, 0x000000070c400000|  0%| F|  |TAMS 0x000000070c200000| PB 0x000000070c200000| Untracked 
|  64|0x000000070c400000, 0x000000070c400000, 0x000000070c600000|  0%| F|  |TAMS 0x000000070c400000| PB 0x000000070c400000| Untracked 
|  65|0x000000070c600000, 0x000000070c600000, 0x000000070c800000|  0%| F|  |TAMS 0x000000070c600000| PB 0x000000070c600000| Untracked 
|  66|0x000000070c800000, 0x000000070c800000, 0x000000070ca00000|  0%| F|  |TAMS 0x000000070c800000| PB 0x000000070c800000| Untracked 
|  67|0x000000070ca00000, 0x000000070ca00000, 0x000000070cc00000|  0%| F|  |TAMS 0x000000070ca00000| PB 0x000000070ca00000| Untracked 
|  68|0x000000070cc00000, 0x000000070cc00000, 0x000000070ce00000|  0%| F|  |TAMS 0x000000070cc00000| PB 0x000000070cc00000| Untracked 
|  69|0x000000070ce00000, 0x000000070ce00000, 0x000000070d000000|  0%| F|  |TAMS 0x000000070ce00000| PB 0x000000070ce00000| Untracked 
|  70|0x000000070d000000, 0x000000070d000000, 0x000000070d200000|  0%| F|  |TAMS 0x000000070d000000| PB 0x000000070d000000| Untracked 
|  71|0x000000070d200000, 0x000000070d200000, 0x000000070d400000|  0%| F|  |TAMS 0x000000070d200000| PB 0x000000070d200000| Untracked 
|  72|0x000000070d400000, 0x000000070d400000, 0x000000070d600000|  0%| F|  |TAMS 0x000000070d400000| PB 0x000000070d400000| Untracked 
|  73|0x000000070d600000, 0x000000070d600000, 0x000000070d800000|  0%| F|  |TAMS 0x000000070d600000| PB 0x000000070d600000| Untracked 
|  74|0x000000070d800000, 0x000000070d800000, 0x000000070da00000|  0%| F|  |TAMS 0x000000070d800000| PB 0x000000070d800000| Untracked 
|  75|0x000000070da00000, 0x000000070da00000, 0x000000070dc00000|  0%| F|  |TAMS 0x000000070da00000| PB 0x000000070da00000| Untracked 
|  76|0x000000070dc00000, 0x000000070dc00000, 0x000000070de00000|  0%| F|  |TAMS 0x000000070dc00000| PB 0x000000070dc00000| Untracked 
|  77|0x000000070de00000, 0x000000070de00000, 0x000000070e000000|  0%| F|  |TAMS 0x000000070de00000| PB 0x000000070de00000| Untracked 
|  78|0x000000070e000000, 0x000000070e000000, 0x000000070e200000|  0%| F|  |TAMS 0x000000070e000000| PB 0x000000070e000000| Untracked 
|  79|0x000000070e200000, 0x000000070e200000, 0x000000070e400000|  0%| F|  |TAMS 0x000000070e200000| PB 0x000000070e200000| Untracked 
|  80|0x000000070e400000, 0x000000070e400000, 0x000000070e600000|  0%| F|  |TAMS 0x000000070e400000| PB 0x000000070e400000| Untracked 
|  81|0x000000070e600000, 0x000000070e600000, 0x000000070e800000|  0%| F|  |TAMS 0x000000070e600000| PB 0x000000070e600000| Untracked 
|  82|0x000000070e800000, 0x000000070e800000, 0x000000070ea00000|  0%| F|  |TAMS 0x000000070e800000| PB 0x000000070e800000| Untracked 
|  83|0x000000070ea00000, 0x000000070ea00000, 0x000000070ec00000|  0%| F|  |TAMS 0x000000070ea00000| PB 0x000000070ea00000| Untracked 
|  84|0x000000070ec00000, 0x000000070ec00000, 0x000000070ee00000|  0%| F|  |TAMS 0x000000070ec00000| PB 0x000000070ec00000| Untracked 
|  85|0x000000070ee00000, 0x000000070ee00000, 0x000000070f000000|  0%| F|  |TAMS 0x000000070ee00000| PB 0x000000070ee00000| Untracked 
|  86|0x000000070f000000, 0x000000070f000000, 0x000000070f200000|  0%| F|  |TAMS 0x000000070f000000| PB 0x000000070f000000| Untracked 
|  87|0x000000070f200000, 0x000000070f200000, 0x000000070f400000|  0%| F|  |TAMS 0x000000070f200000| PB 0x000000070f200000| Untracked 
|  88|0x000000070f400000, 0x000000070f400000, 0x000000070f600000|  0%| F|  |TAMS 0x000000070f400000| PB 0x000000070f400000| Untracked 
|  89|0x000000070f600000, 0x000000070f600000, 0x000000070f800000|  0%| F|  |TAMS 0x000000070f600000| PB 0x000000070f600000| Untracked 
|  90|0x000000070f800000, 0x000000070f800000, 0x000000070fa00000|  0%| F|  |TAMS 0x000000070f800000| PB 0x000000070f800000| Untracked 
|  91|0x000000070fa00000, 0x000000070fa00000, 0x000000070fc00000|  0%| F|  |TAMS 0x000000070fa00000| PB 0x000000070fa00000| Untracked 
|  92|0x000000070fc00000, 0x000000070fc00000, 0x000000070fe00000|  0%| F|  |TAMS 0x000000070fc00000| PB 0x000000070fc00000| Untracked 
|  93|0x000000070fe00000, 0x000000070fe00000, 0x0000000710000000|  0%| F|  |TAMS 0x000000070fe00000| PB 0x000000070fe00000| Untracked 
|  94|0x0000000710000000, 0x0000000710000000, 0x0000000710200000|  0%| F|  |TAMS 0x0000000710000000| PB 0x0000000710000000| Untracked 
|  95|0x0000000710200000, 0x0000000710200000, 0x0000000710400000|  0%| F|  |TAMS 0x0000000710200000| PB 0x0000000710200000| Untracked 
|  96|0x0000000710400000, 0x0000000710400000, 0x0000000710600000|  0%| F|  |TAMS 0x0000000710400000| PB 0x0000000710400000| Untracked 
|  97|0x0000000710600000, 0x0000000710600000, 0x0000000710800000|  0%| F|  |TAMS 0x0000000710600000| PB 0x0000000710600000| Untracked 
|  98|0x0000000710800000, 0x0000000710800000, 0x0000000710a00000|  0%| F|  |TAMS 0x0000000710800000| PB 0x0000000710800000| Untracked 
|  99|0x0000000710a00000, 0x0000000710a00000, 0x0000000710c00000|  0%| F|  |TAMS 0x0000000710a00000| PB 0x0000000710a00000| Untracked 
| 100|0x0000000710c00000, 0x0000000710c00000, 0x0000000710e00000|  0%| F|  |TAMS 0x0000000710c00000| PB 0x0000000710c00000| Untracked 
| 101|0x0000000710e00000, 0x0000000710e00000, 0x0000000711000000|  0%| F|  |TAMS 0x0000000710e00000| PB 0x0000000710e00000| Untracked 
| 102|0x0000000711000000, 0x0000000711000000, 0x0000000711200000|  0%| F|  |TAMS 0x0000000711000000| PB 0x0000000711000000| Untracked 
| 103|0x0000000711200000, 0x0000000711200000, 0x0000000711400000|  0%| F|  |TAMS 0x0000000711200000| PB 0x0000000711200000| Untracked 
| 104|0x0000000711400000, 0x0000000711400000, 0x0000000711600000|  0%| F|  |TAMS 0x0000000711400000| PB 0x0000000711400000| Untracked 
| 105|0x0000000711600000, 0x0000000711600000, 0x0000000711800000|  0%| F|  |TAMS 0x0000000711600000| PB 0x0000000711600000| Untracked 
| 106|0x0000000711800000, 0x0000000711800000, 0x0000000711a00000|  0%| F|  |TAMS 0x0000000711800000| PB 0x0000000711800000| Untracked 
| 107|0x0000000711a00000, 0x0000000711a00000, 0x0000000711c00000|  0%| F|  |TAMS 0x0000000711a00000| PB 0x0000000711a00000| Untracked 
| 108|0x0000000711c00000, 0x0000000711c00000, 0x0000000711e00000|  0%| F|  |TAMS 0x0000000711c00000| PB 0x0000000711c00000| Untracked 
| 109|0x0000000711e00000, 0x0000000711e00000, 0x0000000712000000|  0%| F|  |TAMS 0x0000000711e00000| PB 0x0000000711e00000| Untracked 
| 110|0x0000000712000000, 0x0000000712000000, 0x0000000712200000|  0%| F|  |TAMS 0x0000000712000000| PB 0x0000000712000000| Untracked 
| 111|0x0000000712200000, 0x0000000712200000, 0x0000000712400000|  0%| F|  |TAMS 0x0000000712200000| PB 0x0000000712200000| Untracked 
| 112|0x0000000712400000, 0x0000000712400000, 0x0000000712600000|  0%| F|  |TAMS 0x0000000712400000| PB 0x0000000712400000| Untracked 
| 113|0x0000000712600000, 0x0000000712600000, 0x0000000712800000|  0%| F|  |TAMS 0x0000000712600000| PB 0x0000000712600000| Untracked 
| 114|0x0000000712800000, 0x0000000712800000, 0x0000000712a00000|  0%| F|  |TAMS 0x0000000712800000| PB 0x0000000712800000| Untracked 
| 115|0x0000000712a00000, 0x0000000712a00000, 0x0000000712c00000|  0%| F|  |TAMS 0x0000000712a00000| PB 0x0000000712a00000| Untracked 
| 116|0x0000000712c00000, 0x0000000712c00000, 0x0000000712e00000|  0%| F|  |TAMS 0x0000000712c00000| PB 0x0000000712c00000| Untracked 
| 117|0x0000000712e00000, 0x0000000713000000, 0x0000000713000000|100%| E|  |TAMS 0x0000000712e00000| PB 0x0000000712e00000| Complete 
| 118|0x0000000713000000, 0x0000000713200000, 0x0000000713200000|100%| E|CS|TAMS 0x0000000713000000| PB 0x0000000713000000| Complete 
| 119|0x0000000713200000, 0x0000000713400000, 0x0000000713400000|100%| E|CS|TAMS 0x0000000713200000| PB 0x0000000713200000| Complete 
| 120|0x0000000713400000, 0x0000000713600000, 0x0000000713600000|100%| E|CS|TAMS 0x0000000713400000| PB 0x0000000713400000| Complete 
| 121|0x0000000713600000, 0x0000000713800000, 0x0000000713800000|100%| E|CS|TAMS 0x0000000713600000| PB 0x0000000713600000| Complete 
| 122|0x0000000713800000, 0x0000000713a00000, 0x0000000713a00000|100%| E|CS|TAMS 0x0000000713800000| PB 0x0000000713800000| Complete 
| 123|0x0000000713a00000, 0x0000000713c00000, 0x0000000713c00000|100%| E|CS|TAMS 0x0000000713a00000| PB 0x0000000713a00000| Complete 
| 124|0x0000000713c00000, 0x0000000713e00000, 0x0000000713e00000|100%| E|CS|TAMS 0x0000000713c00000| PB 0x0000000713c00000| Complete 
| 125|0x0000000713e00000, 0x0000000714000000, 0x0000000714000000|100%| E|CS|TAMS 0x0000000713e00000| PB 0x0000000713e00000| Complete 

Card table byte_map: [0x00000244ecc40000,0x00000244ed420000] _byte_map_base: 0x00000244e941e000

Marking Bits: (CMBitMap*) 0x00000244d4ae3940
 Bits: [0x00000244ed420000, 0x00000244f1310000)

Polling page: 0x00000244d29b0000

Metaspace:

Usage:
  Non-class:     14.70 MB used.
      Class:      1.82 MB used.
       Both:     16.52 MB used.

Virtual space:
  Non-class space:       64.00 MB reserved,      14.88 MB ( 23%) committed,  1 nodes.
      Class space:        1.00 GB reserved,       1.94 MB ( <1%) committed,  1 nodes.
             Both:        1.06 GB reserved,      16.81 MB (  2%) committed. 

Chunk freelists:
   Non-Class:  1.02 MB
       Class:  13.92 MB
        Both:  14.93 MB

MaxMetaspaceSize: unlimited
CompressedClassSpaceSize: 1.00 GB
Initial GC threshold: 21.00 MB
Current GC threshold: 21.00 MB
CDS: on
 - commit_granule_bytes: 65536.
 - commit_granule_words: 8192.
 - virtual_space_node_default_size: 8388608.
 - enlarge_chunks_in_place: 1.
 - use_allocation_guard: 0.


Internal statistics:

num_allocs_failed_limit: 0.
num_arena_births: 182.
num_arena_deaths: 0.
num_vsnodes_births: 2.
num_vsnodes_deaths: 0.
num_space_committed: 269.
num_space_uncommitted: 0.
num_chunks_returned_to_freelist: 0.
num_chunks_taken_from_freelist: 757.
num_chunk_merges: 0.
num_chunk_splits: 523.
num_chunks_enlarged: 425.
num_inconsistent_stats: 0.

CodeHeap 'non-profiled nmethods': size=120000Kb used=2760Kb max_used=2760Kb free=117239Kb
 bounds [0x00000244e49d0000, 0x00000244e4c90000, 0x00000244ebf00000]
CodeHeap 'profiled nmethods': size=120000Kb used=10581Kb max_used=10581Kb free=109418Kb
 bounds [0x00000244dcf00000, 0x00000244dd960000, 0x00000244e4430000]
CodeHeap 'non-nmethods': size=5760Kb used=1400Kb max_used=1466Kb free=4359Kb
 bounds [0x00000244e4430000, 0x00000244e46a0000, 0x00000244e49d0000]
 total_blobs=5383 nmethods=4889 adapters=398
 compilation: enabled
              stopped_count=0, restarted_count=0
 full_count=0

Compilation events (20 events):
Event: 9.563 Thread 0x00000244f3f9ef10 4873       3       org.apache.maven.model.merge.ModelMerger::mergeScm_ChildScmConnectionInheritAppendPath (43 bytes)
Event: 9.563 Thread 0x00000244f3f9ef10 nmethod 4873 0x00000244dd946310 code [0x00000244dd9464e0, 0x00000244dd946840]
Event: 10.601 Thread 0x00000244f3f9ef10 4875   !   3       org.apache.maven.model.IssueManagement::clone (73 bytes)
Event: 10.602 Thread 0x00000244f3f9ef10 nmethod 4875 0x00000244dd946990 code [0x00000244dd946c60, 0x00000244dd9479a0]
Event: 10.694 Thread 0x00000244f3f9ef10 4878       1       org.apache.maven.model.RepositoryPolicy::setEnabled (6 bytes)
Event: 10.695 Thread 0x00000244f3f9ef10 nmethod 4878 0x00000244e4c81a90 code [0x00000244e4c81c20, 0x00000244e4c81d38]
Event: 10.696 Thread 0x00000244f3f9ef10 4879       3       org.apache.maven.model.IssueManagement::<init> (5 bytes)
Event: 10.696 Thread 0x00000244f3f9ef10 nmethod 4879 0x00000244dd947f10 code [0x00000244dd9480c0, 0x00000244dd948228]
Event: 10.696 Thread 0x00000244f3f9ef10 4880       3       org.apache.maven.model.inheritance.DefaultInheritanceAssembler$InheritanceModelMerger::appendPath (63 bytes)
Event: 10.697 Thread 0x00000244f3f9ef10 nmethod 4880 0x00000244dd948310 code [0x00000244dd948580, 0x00000244dd948e80]
Event: 10.747 Thread 0x00000244f3f9ef10 4881       3       org.apache.maven.model.io.xpp3.MavenXpp3Reader::parseDependencyManagement (206 bytes)
Event: 10.749 Thread 0x00000244f3f9ef10 nmethod 4881 0x00000244dd949310 code [0x00000244dd9496a0, 0x00000244dd94ab40]
Event: 10.749 Thread 0x00000244f3f9ef10 4882       3       java.lang.CharacterDataLatin1::isUpperCase (16 bytes)
Event: 10.750 Thread 0x00000244f3f9ef10 nmethod 4882 0x00000244dd94b310 code [0x00000244dd94b4c0, 0x00000244dd94b6d0]
Event: 10.750 Thread 0x00000244f3f9ef10 4883       3       java.lang.CharacterDataLatin1::getPropertiesEx (11 bytes)
Event: 10.750 Thread 0x00000244f3f9ef10 nmethod 4883 0x00000244dd94b810 code [0x00000244dd94b9c0, 0x00000244dd94bb08]
Event: 10.757 Thread 0x00000244f3f9ef10 4884   !   3       org.apache.maven.model.ActivationFile::clone (73 bytes)
Event: 10.758 Thread 0x00000244f3f9ef10 nmethod 4884 0x00000244dd94bc10 code [0x00000244dd94bee0, 0x00000244dd94cc20]
Event: 10.768 Thread 0x00000244f3f9ef10 4885       3       java.util.regex.Pattern::split (325 bytes)
Event: 11.781 Thread 0x00000244f3f9ef10 nmethod 4885 0x00000244dd94d190 code [0x00000244dd94d7c0, 0x00000244dd9518a8]

GC Heap History (6 events):
Event: 1.222 GC heap before
{Heap before GC invocations=0 (full 0):
 garbage-first heap   total 258048K, used 22528K [0x0000000704400000, 0x0000000800000000)
  region size 2048K, 11 young (22528K), 0 survivors (0K)
 Metaspace       used 5655K, committed 5824K, reserved 1114112K
  class space    used 651K, committed 768K, reserved 1048576K
}
Event: 1.229 GC heap after
{Heap after GC invocations=1 (full 0):
 garbage-first heap   total 258048K, used 3794K [0x0000000704400000, 0x0000000800000000)
  region size 2048K, 2 young (4096K), 2 survivors (4096K)
 Metaspace       used 5655K, committed 5824K, reserved 1114112K
  class space    used 651K, committed 768K, reserved 1048576K
}
Event: 2.452 GC heap before
{Heap before GC invocations=1 (full 0):
 garbage-first heap   total 258048K, used 36562K [0x0000000704400000, 0x0000000800000000)
  region size 2048K, 18 young (36864K), 2 survivors (4096K)
 Metaspace       used 10150K, committed 10304K, reserved 1114112K
  class space    used 1197K, committed 1280K, reserved 1048576K
}
Event: 2.459 GC heap after
{Heap after GC invocations=2 (full 0):
 garbage-first heap   total 258048K, used 5504K [0x0000000704400000, 0x0000000800000000)
  region size 2048K, 1 young (2048K), 1 survivors (2048K)
 Metaspace       used 10150K, committed 10304K, reserved 1114112K
  class space    used 1197K, committed 1280K, reserved 1048576K
}
Event: 9.108 GC heap before
{Heap before GC invocations=2 (full 0):
 garbage-first heap   total 258048K, used 157056K [0x0000000704400000, 0x0000000800000000)
  region size 2048K, 75 young (153600K), 1 survivors (2048K)
 Metaspace       used 16844K, committed 17088K, reserved 1114112K
  class space    used 1863K, committed 1984K, reserved 1048576K
}
Event: 9.124 GC heap after
{Heap after GC invocations=3 (full 0):
 garbage-first heap   total 258048K, used 17695K [0x0000000704400000, 0x0000000800000000)
  region size 2048K, 7 young (14336K), 7 survivors (14336K)
 Metaspace       used 16844K, committed 17088K, reserved 1114112K
  class space    used 1863K, committed 1984K, reserved 1048576K
}

Dll operation events (8 events):
Event: 0.019 Loaded shared library C:\Program Files\Java\jdk-21.0.6\bin\java.dll
Event: 0.079 Loaded shared library C:\Program Files\Java\jdk-21.0.6\bin\jsvml.dll
Event: 0.108 Loaded shared library C:\Program Files\Java\jdk-21.0.6\bin\net.dll
Event: 0.111 Loaded shared library C:\Program Files\Java\jdk-21.0.6\bin\nio.dll
Event: 0.114 Loaded shared library C:\Program Files\Java\jdk-21.0.6\bin\zip.dll
Event: 0.337 Loaded shared library C:\Program Files\apache-maven-3.9.9\lib\jansi-native\Windows\x86_64\jansi.dll
Event: 0.337 Loaded shared library C:\Program Files\Java\jdk-21.0.6\bin\jimage.dll
Event: 0.372 Loaded shared library C:\Program Files\Java\jdk-21.0.6\bin\verify.dll

Deoptimization events (20 events):
Event: 7.547 Thread 0x00000244d26975e0 Uncommon trap: trap_request=0xffffff45 fr.pc=0x00000244e4c23a98 relative=0x0000000000000918
Event: 7.547 Thread 0x00000244d26975e0 Uncommon trap: reason=unstable_if action=reinterpret pc=0x00000244e4c23a98 method=org.eclipse.aether.artifact.DefaultArtifact.mergeArtifactProperties(Ljava/util/Map;Ljava/util/Map;)Ljava/util/Map; @ 1 c2
Event: 7.547 Thread 0x00000244d26975e0 DEOPT PACKING pc=0x00000244e4c23a98 sp=0x0000007ef0ffd5e0
Event: 7.547 Thread 0x00000244d26975e0 DEOPT UNPACKING pc=0x00000244e44846a2 sp=0x0000007ef0ffd518 mode 2
Event: 7.955 Thread 0x00000244d26975e0 DEOPT PACKING pc=0x00000244dd57be44 sp=0x0000007ef0ffb970
Event: 7.955 Thread 0x00000244d26975e0 DEOPT UNPACKING pc=0x00000244e4484e42 sp=0x0000007ef0ffae98 mode 0
Event: 8.432 Thread 0x00000244d26975e0 DEOPT PACKING pc=0x00000244dcfab0d1 sp=0x0000007ef0ffb930
Event: 8.432 Thread 0x00000244d26975e0 DEOPT UNPACKING pc=0x00000244e4484e42 sp=0x0000007ef0ffae30 mode 0
Event: 8.822 Thread 0x00000244d26975e0 Uncommon trap: trap_request=0xffffff45 fr.pc=0x00000244e4c5ff54 relative=0x0000000000004734
Event: 8.822 Thread 0x00000244d26975e0 Uncommon trap: reason=unstable_if action=reinterpret pc=0x00000244e4c5ff54 method=org.apache.maven.model.interpolation.StringVisitorModelInterpolator$ModelVisitor.visit(Lorg/apache/maven/model/Dependency;)V @ 42 c2
Event: 8.822 Thread 0x00000244d26975e0 DEOPT PACKING pc=0x00000244e4c5ff54 sp=0x0000007ef0ffc020
Event: 8.822 Thread 0x00000244d26975e0 DEOPT UNPACKING pc=0x00000244e44846a2 sp=0x0000007ef0ffc018 mode 2
Event: 9.082 Thread 0x00000244d26975e0 Uncommon trap: trap_request=0xffffff45 fr.pc=0x00000244e4c0c110 relative=0x0000000000000250
Event: 9.082 Thread 0x00000244d26975e0 Uncommon trap: reason=unstable_if action=reinterpret pc=0x00000244e4c0c110 method=org.codehaus.plexus.util.xml.pull.MXParser.printable(I)Ljava/lang/String; @ 23 c2
Event: 9.082 Thread 0x00000244d26975e0 DEOPT PACKING pc=0x00000244e4c0c110 sp=0x0000007ef0ffcce0
Event: 9.082 Thread 0x00000244d26975e0 DEOPT UNPACKING pc=0x00000244e44846a2 sp=0x0000007ef0ffcc90 mode 2
Event: 9.126 Thread 0x00000244d26975e0 Uncommon trap: trap_request=0xfffffff4 fr.pc=0x00000244e4c1df58 relative=0x0000000000001638
Event: 9.126 Thread 0x00000244d26975e0 Uncommon trap: reason=null_check action=make_not_entrant pc=0x00000244e4c1df58 method=org.codehaus.plexus.interpolation.reflection.ReflectionValueExtractor.getClassMap(Ljava/lang/Class;)Lorg/codehaus/plexus/interpolation/reflection/ClassMap; @ 21 c2
Event: 9.126 Thread 0x00000244d26975e0 DEOPT PACKING pc=0x00000244e4c1df58 sp=0x0000007ef0ffc850
Event: 9.126 Thread 0x00000244d26975e0 DEOPT UNPACKING pc=0x00000244e44846a2 sp=0x0000007ef0ffc838 mode 2

Classes loaded (20 events):
Event: 3.983 Loading class sun/util/resources/Bundles$2
Event: 3.983 Loading class sun/util/resources/Bundles$2 done
Event: 4.055 Loading class java/util/StringTokenizer
Event: 4.056 Loading class java/util/StringTokenizer done
Event: 4.230 Loading class java/util/stream/Streams$RangeIntSpliterator
Event: 4.231 Loading class java/util/stream/Streams$RangeIntSpliterator done
Event: 5.233 Loading class java/util/stream/MatchOps$MatchKind
Event: 5.233 Loading class java/util/stream/MatchOps$MatchKind done
Event: 5.233 Loading class java/util/stream/MatchOps
Event: 5.233 Loading class java/util/stream/MatchOps done
Event: 5.233 Loading class java/util/stream/MatchOps$MatchOp
Event: 5.233 Loading class java/util/stream/MatchOps$MatchOp done
Event: 5.233 Loading class java/util/stream/MatchOps$BooleanTerminalSink
Event: 5.234 Loading class java/util/stream/MatchOps$BooleanTerminalSink done
Event: 5.234 Loading class java/util/stream/MatchOps$1MatchSink
Event: 5.234 Loading class java/util/stream/MatchOps$1MatchSink done
Event: 6.751 Loading class sun/nio/cs/ISO_8859_1$Decoder
Event: 6.752 Loading class sun/nio/cs/ISO_8859_1$Decoder done
Event: 6.774 Loading class java/util/Collections$UnmodifiableList$1
Event: 6.774 Loading class java/util/Collections$UnmodifiableList$1 done

Classes unloaded (0 events):
No events

Classes redefined (0 events):
No events

Internal exceptions (20 events):
Event: 2.634 Thread 0x00000244d26975e0 Exception <a 'java/lang/NoSuchMethodError'{0x0000000713dca6a8}: 'java.lang.Object java.lang.invoke.DirectMethodHandle$Holder.invokeStatic(java.lang.Object, java.lang.Object, java.lang.Object, java.lang.Object, int)'> (0x0000000713dca6a8) 
thrown [s\open\src\hotspot\share\interpreter\linkResolver.cpp, line 773]
Event: 2.636 Thread 0x00000244d26975e0 Exception <a 'java/lang/NoSuchMethodError'{0x0000000713dd25e0}: 'java.lang.Object java.lang.invoke.DirectMethodHandle$Holder.invokeSpecial(java.lang.Object, java.lang.Object, java.lang.Object, java.lang.Object, long)'> (0x0000000713dd25e0) 
thrown [s\open\src\hotspot\share\interpreter\linkResolver.cpp, line 773]
Event: 2.639 Thread 0x00000244d26975e0 Exception <a 'java/lang/NoSuchMethodError'{0x0000000713dde100}: 'java.lang.Object java.lang.invoke.DirectMethodHandle$Holder.invokeSpecial(java.lang.Object, java.lang.Object, java.lang.Object, int, java.lang.Object)'> (0x0000000713dde100) 
thrown [s\open\src\hotspot\share\interpreter\linkResolver.cpp, line 773]
Event: 2.640 Thread 0x00000244d26975e0 Exception <a 'java/lang/NoSuchMethodError'{0x0000000713de6240}: 'int java.lang.invoke.DirectMethodHandle$Holder.invokeSpecial(java.lang.Object, java.lang.Object, java.lang.Object, int)'> (0x0000000713de6240) 
thrown [s\open\src\hotspot\share\interpreter\linkResolver.cpp, line 773]
Event: 2.647 Thread 0x00000244d26975e0 Implicit null exception at 0x00000244e4a5f65d to 0x00000244e4a5f868
Event: 2.651 Thread 0x00000244d26975e0 Exception <a 'java/lang/NoSuchMethodError'{0x0000000713a0b1d8}: 'java.lang.Object java.lang.invoke.Invokers$Holder.invokeExact_MT(java.lang.Object, int, java.lang.Object)'> (0x0000000713a0b1d8) 
thrown [s\open\src\hotspot\share\interpreter\linkResolver.cpp, line 773]
Event: 3.118 Thread 0x00000244d26975e0 Exception <a 'java/lang/NoSuchMethodError'{0x000000071323de48}: 'void java.lang.invoke.Invokers$Holder.invokeExact_MT(java.lang.Object, java.lang.Object, java.lang.Object, java.lang.Object)'> (0x000000071323de48) 
thrown [s\open\src\hotspot\share\interpreter\linkResolver.cpp, line 773]
Event: 3.155 Thread 0x00000244d26975e0 Exception <a 'java/lang/NoClassDefFoundError'{0x00000007132c7c78}: com/google/inject/servlet/ServletModuleTargetVisitor> (0x00000007132c7c78) 
thrown [s\open\src\hotspot\share\classfile\systemDictionary.cpp, line 301]
Event: 3.291 Thread 0x00000244d26975e0 Exception <a 'java/lang/NoSuchMethodError'{0x00000007130872f0}: 'void java.lang.invoke.DirectMethodHandle$Holder.invokeVirtual(java.lang.Object, java.lang.Object)'> (0x00000007130872f0) 
thrown [s\open\src\hotspot\share\interpreter\linkResolver.cpp, line 773]
Event: 3.378 Thread 0x00000244d26975e0 Exception <a 'java/lang/NoSuchMethodError'{0x0000000713106830}: 'java.lang.Object java.lang.invoke.DirectMethodHandle$Holder.invokeStaticInit(java.lang.Object, int, int, int, int)'> (0x0000000713106830) 
thrown [s\open\src\hotspot\share\interpreter\linkResolver.cpp, line 773]
Event: 3.784 Thread 0x00000244d26975e0 Implicit null exception at 0x00000244e4a63b24 to 0x00000244e4a64194
Event: 3.784 Thread 0x00000244d26975e0 Implicit null exception at 0x00000244e4a00120 to 0x00000244e4a0078c
Event: 3.904 Thread 0x00000244d26975e0 Exception <a 'java/lang/NoSuchMethodError'{0x0000000712a41c28}: 'void java.lang.invoke.DirectMethodHandle$Holder.invokeSpecial(java.lang.Object, java.lang.Object, java.lang.Object, java.lang.Object, java.lang.Object)'> (0x0000000712a41c28) 
thrown [s\open\src\hotspot\share\interpreter\linkResolver.cpp, line 773]
Event: 3.915 Thread 0x00000244d26975e0 Exception <a 'java/lang/NoSuchMethodError'{0x0000000712a57b78}: 'void java.lang.invoke.DirectMethodHandle$Holder.invokeSpecial(java.lang.Object, java.lang.Object, java.lang.Object, java.lang.Object, java.lang.Object, java.lang.Object)'> (0x0000000712a57b78) 
thrown [s\open\src\hotspot\share\interpreter\linkResolver.cpp, line 773]
Event: 3.946 Thread 0x00000244d26975e0 Exception <a 'java/lang/NoSuchMethodError'{0x0000000712b49260}: 'java.lang.Object java.lang.invoke.DirectMethodHandle$Holder.invokeVirtual(java.lang.Object, java.lang.Object, java.lang.Object)'> (0x0000000712b49260) 
thrown [s\open\src\hotspot\share\interpreter\linkResolver.cpp, line 773]
Event: 4.077 Thread 0x00000244d26975e0 Exception <a 'java/lang/NoSuchMethodError'{0x000000071293e798}: 'void java.lang.invoke.DirectMethodHandle$Holder.invokeVirtual(java.lang.Object, java.lang.Object, int)'> (0x000000071293e798) 
thrown [s\open\src\hotspot\share\interpreter\linkResolver.cpp, line 773]
Event: 4.079 Thread 0x00000244d26975e0 Exception <a 'java/lang/NoSuchMethodError'{0x0000000712942548}: 'void java.lang.invoke.DirectMethodHandle$Holder.invokeSpecial(java.lang.Object, java.lang.Object, java.lang.Object, int)'> (0x0000000712942548) 
thrown [s\open\src\hotspot\share\interpreter\linkResolver.cpp, line 773]
Event: 4.080 Thread 0x00000244d26975e0 Exception <a 'java/lang/NoSuchMethodError'{0x0000000712945c18}: 'void java.lang.invoke.DelegatingMethodHandle$Holder.reinvoke_L(java.lang.Object, java.lang.Object, int)'> (0x0000000712945c18) 
thrown [s\open\src\hotspot\share\interpreter\linkResolver.cpp, line 773]
Event: 5.681 Thread 0x00000244d26975e0 Exception <a 'java/lang/NoSuchMethodError'{0x000000071041f180}: 'int java.lang.invoke.DirectMethodHandle$Holder.invokeSpecialIFC(java.lang.Object, java.lang.Object, java.lang.Object, java.lang.Object)'> (0x000000071041f180) 
thrown [s\open\src\hotspot\share\interpreter\linkResolver.cpp, line 773]
Event: 9.126 Thread 0x00000244d26975e0 Implicit null exception at 0x00000244e4c1cabe to 0x00000244e4c1df48

ZGC Phase Switch (0 events):
No events

VM Operations (20 events):
Event: 3.708 Executing VM operation: HandshakeAllThreads (Deoptimize) done
Event: 3.710 Executing VM operation: HandshakeAllThreads (Deoptimize)
Event: 3.710 Executing VM operation: HandshakeAllThreads (Deoptimize) done
Event: 3.957 Executing VM operation: ICBufferFull
Event: 3.958 Executing VM operation: ICBufferFull done
Event: 4.836 Executing VM operation: ICBufferFull
Event: 4.836 Executing VM operation: ICBufferFull done
Event: 5.782 Executing VM operation: ICBufferFull
Event: 5.782 Executing VM operation: ICBufferFull done
Event: 6.405 Executing VM operation: ICBufferFull
Event: 6.405 Executing VM operation: ICBufferFull done
Event: 7.408 Executing VM operation: Cleanup
Event: 7.408 Executing VM operation: Cleanup done
Event: 8.417 Executing VM operation: Cleanup
Event: 8.417 Executing VM operation: Cleanup done
Event: 9.108 Executing VM operation: G1CollectForAllocation (G1 Evacuation Pause)
Event: 9.124 Executing VM operation: G1CollectForAllocation (G1 Evacuation Pause) done
Event: 10.135 Executing VM operation: Cleanup
Event: 10.136 Executing VM operation: Cleanup done
Event: 11.144 Executing VM operation: Cleanup

Events (20 events):
Event: 0.075 Thread 0x00000244f3f8df70 Thread added: 0x00000244f3f8df70
Event: 0.075 Thread 0x00000244f3f909d0 Thread added: 0x00000244f3f909d0
Event: 0.075 Thread 0x00000244f3f93430 Thread added: 0x00000244f3f93430
Event: 0.075 Thread 0x00000244f3f945c0 Thread added: 0x00000244f3f945c0
Event: 0.075 Thread 0x00000244f3f9ef10 Thread added: 0x00000244f3f9ef10
Event: 0.097 Thread 0x00000244f828a790 Thread added: 0x00000244f828a790
Event: 0.103 Thread 0x00000244f82931a0 Thread added: 0x00000244f82931a0
Event: 0.333 Thread 0x00000244f84e9bc0 Thread added: 0x00000244f84e9bc0
Event: 0.385 Thread 0x00000244f84e9bc0 Thread exited: 0x00000244f84e9bc0
Event: 1.128 Thread 0x00000244f879e410 Thread added: 0x00000244f879e410
Event: 1.163 Thread 0x00000244f8fbc020 Thread added: 0x00000244f8fbc020
Event: 2.214 Thread 0x00000244f879e410 Thread exited: 0x00000244f879e410
Event: 2.214 Thread 0x00000244f8fbc020 Thread exited: 0x00000244f8fbc020
Event: 3.293 Thread 0x00000244f9460f90 Thread added: 0x00000244f9460f90
Event: 3.599 Thread 0x00000244f97b9360 Thread added: 0x00000244f97b9360
Event: 4.716 Thread 0x00000244f9460f90 Thread exited: 0x00000244f9460f90
Event: 5.408 Thread 0x00000244f9a539d0 Thread added: 0x00000244f9a539d0
Event: 5.448 Thread 0x00000244f930dc80 Thread added: 0x00000244f930dc80
Event: 6.539 Thread 0x00000244f930dc80 Thread exited: 0x00000244f930dc80
Event: 9.517 Thread 0x00000244f9a539d0 Thread exited: 0x00000244f9a539d0


Dynamic libraries:
0x00007ff7fb730000 - 0x00007ff7fb740000 	C:\Program Files\Java\jdk-21.0.6\bin\java.exe
0x00007ffbc2960000 - 0x00007ffbc2bc5000 	C:\Windows\SYSTEM32\ntdll.dll
0x00007ffbc0f90000 - 0x00007ffbc1059000 	C:\Windows\System32\KERNEL32.DLL
0x00007ffbbfd70000 - 0x00007ffbc0158000 	C:\Windows\System32\KERNELBASE.dll
0x00007ffbc05b0000 - 0x00007ffbc06fb000 	C:\Windows\System32\ucrtbase.dll
0x00007ffbb0c10000 - 0x00007ffbb0c2b000 	C:\Program Files\Java\jdk-21.0.6\bin\VCRUNTIME140.dll
0x00007ffbac790000 - 0x00007ffbac7a9000 	C:\Program Files\Java\jdk-21.0.6\bin\jli.dll
0x00007ffbc1e40000 - 0x00007ffbc1ef3000 	C:\Windows\System32\ADVAPI32.dll
0x00007ffbc1c00000 - 0x00007ffbc1ca9000 	C:\Windows\System32\msvcrt.dll
0x00007ffbc07d0000 - 0x00007ffbc0876000 	C:\Windows\System32\sechost.dll
0x00007ffbc1d10000 - 0x00007ffbc1e25000 	C:\Windows\System32\RPCRT4.dll
0x00007ffbc20e0000 - 0x00007ffbc22aa000 	C:\Windows\System32\USER32.dll
0x00007ffbbfab0000 - 0x00007ffbbfad7000 	C:\Windows\System32\win32u.dll
0x00007ffb8ede0000 - 0x00007ffb8f07a000 	C:\Windows\WinSxS\amd64_microsoft.windows.common-controls_6595b64144ccf1df_6.0.26100.4202_none_3e0698d4e335f517\COMCTL32.dll
0x00007ffbc07a0000 - 0x00007ffbc07cb000 	C:\Windows\System32\GDI32.dll
0x00007ffbbfc30000 - 0x00007ffbbfd67000 	C:\Windows\System32\gdi32full.dll
0x00007ffbbfb80000 - 0x00007ffbbfc23000 	C:\Windows\System32\msvcp_win.dll
0x00007ffba0500000 - 0x00007ffba050b000 	C:\Windows\SYSTEM32\VERSION.dll
0x00007ffbc0bc0000 - 0x00007ffbc0bf0000 	C:\Windows\System32\IMM32.DLL
0x00007ffbb0b30000 - 0x00007ffbb0b3c000 	C:\Program Files\Java\jdk-21.0.6\bin\vcruntime140_1.dll
0x00007ffb7a940000 - 0x00007ffb7a9ce000 	C:\Program Files\Java\jdk-21.0.6\bin\msvcp140.dll
0x00007ffb02470000 - 0x00007ffb0318a000 	C:\Program Files\Java\jdk-21.0.6\bin\server\jvm.dll
0x00007ffbbf900000 - 0x00007ffbbf95e000 	C:\Windows\SYSTEM32\POWRPROF.dll
0x00007ffbc08d0000 - 0x00007ffbc0944000 	C:\Windows\System32\WS2_32.dll
0x00007ffbb6330000 - 0x00007ffbb6365000 	C:\Windows\SYSTEM32\WINMM.dll
0x00007ffbbf8e0000 - 0x00007ffbbf8f4000 	C:\Windows\SYSTEM32\UMPDC.dll
0x00007ffbbe7b0000 - 0x00007ffbbe7cb000 	C:\Windows\SYSTEM32\kernel.appcore.dll
0x00007ffbac750000 - 0x00007ffbac75a000 	C:\Program Files\Java\jdk-21.0.6\bin\jimage.dll
0x00007ffbbd150000 - 0x00007ffbbd391000 	C:\Windows\SYSTEM32\DBGHELP.DLL
0x00007ffbc0c00000 - 0x00007ffbc0f85000 	C:\Windows\System32\combase.dll
0x00007ffbc0ad0000 - 0x00007ffbc0bb1000 	C:\Windows\System32\OLEAUT32.dll
0x00007ffb86880000 - 0x00007ffb868b9000 	C:\Windows\SYSTEM32\dbgcore.DLL
0x00007ffbbfae0000 - 0x00007ffbbfb79000 	C:\Windows\System32\bcryptPrimitives.dll
0x00007ffbabea0000 - 0x00007ffbabebf000 	C:\Program Files\Java\jdk-21.0.6\bin\java.dll
0x00007ffbc1160000 - 0x00007ffbc18a2000 	C:\Windows\System32\SHELL32.dll
0x00007ffbc0220000 - 0x00007ffbc0394000 	C:\Windows\System32\wintypes.dll
0x00007ffbbd6d0000 - 0x00007ffbbdf28000 	C:\Windows\SYSTEM32\windows.storage.dll
0x00007ffbc22e0000 - 0x00007ffbc23d1000 	C:\Windows\System32\SHCORE.dll
0x00007ffbc1af0000 - 0x00007ffbc1b5a000 	C:\Windows\System32\shlwapi.dll
0x00007ffbbf9c0000 - 0x00007ffbbf9ef000 	C:\Windows\SYSTEM32\profapi.dll
0x00007ffb625c0000 - 0x00007ffb62697000 	C:\Program Files\Java\jdk-21.0.6\bin\jsvml.dll
0x00007ffbac740000 - 0x00007ffbac750000 	C:\Program Files\Java\jdk-21.0.6\bin\net.dll
0x00007ffbb9030000 - 0x00007ffbb914e000 	C:\Windows\SYSTEM32\WINHTTP.dll
0x00007ffbbede0000 - 0x00007ffbbee4a000 	C:\Windows\system32\mswsock.dll
0x00007ffbabe80000 - 0x00007ffbabe96000 	C:\Program Files\Java\jdk-21.0.6\bin\nio.dll
0x00007ffbab750000 - 0x00007ffbab768000 	C:\Program Files\Java\jdk-21.0.6\bin\zip.dll
0x00007ffbab6d0000 - 0x00007ffbab6f4000 	C:\Program Files\apache-maven-3.9.9\lib\jansi-native\Windows\x86_64\jansi.dll
0x00007ffbac5e0000 - 0x00007ffbac5f0000 	C:\Program Files\Java\jdk-21.0.6\bin\verify.dll

dbghelp: loaded successfully - version: 4.0.5 - missing functions: none
symbol engine: initialized successfully - sym options: 0x614 - pdb path: .;C:\Program Files\Java\jdk-21.0.6\bin;C:\Windows\SYSTEM32;C:\Windows\WinSxS\amd64_microsoft.windows.common-controls_6595b64144ccf1df_6.0.26100.4202_none_3e0698d4e335f517;C:\Program Files\Java\jdk-21.0.6\bin\server;C:\Program Files\apache-maven-3.9.9\lib\jansi-native\Windows\x86_64

VM Arguments:
jvm_args: -Dclassworlds.conf=C:\Program Files\apache-maven-3.9.9\bin\m2.conf -Dmaven.home=C:\Program Files\apache-maven-3.9.9 -Dlibrary.jansi.path=C:\Program Files\apache-maven-3.9.9\lib\jansi-native -Dmaven.multiModuleProjectDirectory=C:\xampp\htdocs\polyinformatiqueEcomm\kounetportfoliocQRS\polyinformatique-core-API 
java_command: org.codehaus.plexus.classworlds.launcher.Launcher clean install -DskipTests
java_class_path (initial): C:\Program Files\apache-maven-3.9.9\boot\plexus-classworlds-2.8.0.jar
Launcher Type: SUN_STANDARD

[Global flags]
     intx CICompilerCount                          = 4                                         {product} {ergonomic}
     uint ConcGCThreads                            = 3                                         {product} {ergonomic}
     uint G1ConcRefinementThreads                  = 10                                        {product} {ergonomic}
   size_t G1HeapRegionSize                         = 2097152                                   {product} {ergonomic}
    uintx GCDrainStackTargetSize                   = 64                                        {product} {ergonomic}
   size_t InitialHeapSize                          = 264241152                                 {product} {ergonomic}
   size_t MarkStackSize                            = 4194304                                   {product} {ergonomic}
   size_t MaxHeapSize                              = 4223664128                                {product} {ergonomic}
   size_t MaxNewSize                               = 2533359616                                {product} {ergonomic}
   size_t MinHeapDeltaBytes                        = 2097152                                   {product} {ergonomic}
   size_t MinHeapSize                              = 8388608                                   {product} {ergonomic}
    uintx NonNMethodCodeHeapSize                   = 5839372                                {pd product} {ergonomic}
    uintx NonProfiledCodeHeapSize                  = 122909434                              {pd product} {ergonomic}
    uintx ProfiledCodeHeapSize                     = 122909434                              {pd product} {ergonomic}
    uintx ReservedCodeCacheSize                    = 251658240                              {pd product} {ergonomic}
     bool SegmentedCodeCache                       = true                                      {product} {ergonomic}
   size_t SoftMaxHeapSize                          = 4223664128                             {manageable} {ergonomic}
     bool UseCompressedOops                        = true                           {product lp64_product} {ergonomic}
     bool UseG1GC                                  = true                                      {product} {ergonomic}
     bool UseLargePagesIndividualAllocation        = false                                  {pd product} {ergonomic}

Logging:
Log output configuration:
 #0: stdout all=warning uptime,level,tags foldmultilines=false
 #1: stderr all=off uptime,level,tags foldmultilines=false

Environment Variables:
PATH=C:\Program Files (x86)\VMware\VMware Player\bin\;C:\Python313\Scripts\;C:\Python313\;C:\Program Files\Java\jdk-21.0.6\bin;C:\Windows\system32;C:\Windows;C:\Windows\System32\Wbem;C:\Windows\System32\WindowsPowerShell\v1.0\;C:\Windows\System32\OpenSSH\;C:\Program Files (x86)\Yarn\bin\;C:\ProgramData\chocolatey\bin;C:\Program Files\apache-maven-3.9.9\bin;C:\Program Files\Git\cmd;C:\Program Files\Docker\Docker\resources\bin;C:\xampp\php;C:\composer;%NVM_HOME%;%NVM_SYMLINK%;C:\Users\fopoa\AppData\Local\Microsoft\WindowsApps;C:\Users\fopoa\AppData\Local\Programs\Microsoft VS Code\bin;C:\Users\fopoa\AppData\Roaming\npm;C:\Users\fopoa\AppData\Local\Yarn\bin;C:\Program Files\JetBrains\IntelliJ IDEA 2024.3.2.2\bin;;C:\Program Files\Java\jdk-21.0.6\bin;C:\Users\fopoa\AppData\Local\GitHubDesktop\bin;C:\Users\fopoa\AppData\Roaming\Composer\vendor\bin;C:\Users\fopoa\AppData\Local\nvm;C:\nvm4w\nodejs
USERNAME=fopoa
OS=Windows_NT
PROCESSOR_IDENTIFIER=Intel64 Family 6 Model 154 Stepping 4, GenuineIntel
TMP=C:\Users\fopoa\AppData\Local\Temp
TEMP=C:\Users\fopoa\AppData\Local\Temp




Periodic native trim disabled

---------------  S Y S T E M  ---------------

OS:
 Windows 11 , 64 bit Build 26100 (10.0.26100.4202)
OS uptime: 9 days 18:37 hours
Hyper-V role detected

CPU: total 12 (initial active 12) (6 cores per cpu, 2 threads per core) family 6 model 154 stepping 4 microcode 0x433, cx8, cmov, fxsr, ht, mmx, 3dnowpref, sse, sse2, sse3, ssse3, sse4.1, sse4.2, popcnt, lzcnt, tsc, tscinvbit, avx, avx2, aes, erms, clmul, bmi1, bmi2, adx, sha, fma, vzeroupper, clflush, clflushopt, clwb, hv, serialize, rdtscp, rdpid, fsrm, f16c, cet_ibt, cet_ss
Processor Information for processor 0
  Max Mhz: 1700, Current Mhz: 1700, Mhz Limit: 1700
Processor Information for processor 1
  Max Mhz: 1700, Current Mhz: 1700, Mhz Limit: 1700
Processor Information for processor 2
  Max Mhz: 1700, Current Mhz: 1700, Mhz Limit: 1700
Processor Information for processor 3
  Max Mhz: 1700, Current Mhz: 1700, Mhz Limit: 1700
Processor Information for processor 4
  Max Mhz: 1200, Current Mhz: 1200, Mhz Limit: 1200
Processor Information for processor 5
  Max Mhz: 1200, Current Mhz: 1200, Mhz Limit: 1200
Processor Information for processor 6
  Max Mhz: 1200, Current Mhz: 1200, Mhz Limit: 1200
Processor Information for processor 7
  Max Mhz: 1200, Current Mhz: 1200, Mhz Limit: 1200
Processor Information for processor 8
  Max Mhz: 1200, Current Mhz: 1200, Mhz Limit: 1200
Processor Information for processor 9
  Max Mhz: 1200, Current Mhz: 1200, Mhz Limit: 1200
Processor Information for processor 10
  Max Mhz: 1200, Current Mhz: 1200, Mhz Limit: 1200
Processor Information for processor 11
  Max Mhz: 1200, Current Mhz: 1200, Mhz Limit: 1200

Memory: 4k page, system-wide physical 16108M (892M free)
TotalPageFile size 40698M (AvailPageFile size 7M)
current process WorkingSet (physical memory assigned to process): 269M, peak: 274M
current process commit charge ("private bytes"): 401M, peak: 407M

vm_info: Java HotSpot(TM) 64-Bit Server VM (21.0.6+8-LTS-188) for windows-amd64 JRE (21.0.6+8-LTS-188), built on 2024-12-03T10:50:54Z by "mach5one" with MS VC++ 17.6 (VS2022)

END.
