#
# There is insufficient memory for the Java Runtime Environment to continue.
# Native memory allocation (malloc) failed to allocate 1848656 bytes for Chunk::new
# Possible reasons:
#   The system is out of physical RAM or swap space
#   The process is running with CompressedOops enabled, and the Java Heap may be blocking the growth of the native heap
# Possible solutions:
#   Reduce memory load on the system
#   Increase physical memory or swap space
#   Check if swap backing store is full
#   Decrease Java heap size (-Xmx/-Xms)
#   Decrease number of Java threads
#   Decrease Java thread stack sizes (-Xss)
#   Set larger code cache with -XX:ReservedCodeCacheSize=
#   JVM is running with Zero Based Compressed Oops mode in which the Java heap is
#     placed in the first 32GB address space. The Java Heap base address is the
#     maximum limit for the native heap growth. Please use -XX:HeapBaseMinAddress
#     to set the Java Heap base and to place the Java Heap above 32GB virtual address.
# This output file may be truncated or incomplete.
#
#  Out of Memory Error (arena.cpp:168), pid=50948, tid=32020
#
# JRE version: Java(TM) SE Runtime Environment (21.0.6+8) (build 21.0.6+8-LTS-188)
# Java VM: Java HotSpot(TM) 64-Bit Server VM (21.0.6+8-LTS-188, mixed mode, sharing, tiered, compressed oops, compressed class ptrs, g1 gc, windows-amd64)
# No core dump will be written. Minidumps are not enabled by default on client versions of Windows
#

---------------  S U M M A R Y ------------

Command Line: -Dclassworlds.conf=C:\Program Files\apache-maven-3.9.9\bin\m2.conf -Dmaven.home=C:\Program Files\apache-maven-3.9.9 -Dlibrary.jansi.path=C:\Program Files\apache-maven-3.9.9\lib\jansi-native -Dmaven.multiModuleProjectDirectory=C:\xampp\htdocs\polyinformatiqueEcomm\kounetportfoliocQRS\blogService\queryBlog org.codehaus.plexus.classworlds.launcher.Launcher clean install -DskipTests

Host: 12th Gen Intel(R) Core(TM) i7-1255U, 12 cores, 15G,  Windows 11 , 64 bit Build 26100 (10.0.26100.4202)
Time: Thu Jun 26 13:08:39 2025 Est (heure d, 64 bit Build 26100 (10.0.26100.4202) elapsed time: 62.933438 seconds (0d 0h 1m 2s)

---------------  T H R E A D  ---------------

Current thread (0x00000275585c0080):  JavaThread "C2 CompilerThread0" daemon [_thread_in_native, id=32020, stack(0x000000e989900000,0x000000e989a00000) (1024K)]


Current CompileTask:
C2:  62933 10234   !   4       com.sun.tools.javac.jvm.ClassReader::classSigToType (482 bytes)

Stack: [0x000000e989900000,0x000000e989a00000]
Native frames: (J=compiled Java code, j=interpreted, Vv=VM code, C=native code)
V  [jvm.dll+0x6ca6d9]
V  [jvm.dll+0x854f51]
V  [jvm.dll+0x85747e]
V  [jvm.dll+0x857b53]
V  [jvm.dll+0x27dcc6]
V  [jvm.dll+0xc4c2d]
V  [jvm.dll+0xc5163]
V  [jvm.dll+0x3b5122]
V  [jvm.dll+0x381855]
V  [jvm.dll+0x380cca]
V  [jvm.dll+0x246920]
V  [jvm.dll+0x245eff]
V  [jvm.dll+0x1c6d2e]
V  [jvm.dll+0x2554f9]
V  [jvm.dll+0x253a8a]
V  [jvm.dll+0x3ee576]
V  [jvm.dll+0x7ff2fb]
V  [jvm.dll+0x6c8dbd]
C  [ucrtbase.dll+0x37b0]
C  [KERNEL32.DLL+0x2e8d7]
C  [ntdll.dll+0x3c34c]


---------------  P R O C E S S  ---------------

Threads class SMR info:
_java_thread_list=0x000002759e8cb350, length=14, elements={
0x0000027536b388c0, 0x0000027557cf42c0, 0x0000027557cf4f10, 0x0000027557cfad90,
0x0000027557cfcd90, 0x0000027557cff7f0, 0x0000027557d08250, 0x00000275585c0080,
0x00000275585c0720, 0x00000275587124c0, 0x0000027558714cf0, 0x000002759e3756d0,
0x00000275ab5c2ce0, 0x00000275ab5c1f40
}

Java Threads: ( => current thread )
  0x0000027536b388c0 JavaThread "main"                              [_thread_in_Java, id=8144, stack(0x000000e988b00000,0x000000e988c00000) (1024K)]
  0x0000027557cf42c0 JavaThread "Reference Handler"          daemon [_thread_blocked, id=47908, stack(0x000000e989300000,0x000000e989400000) (1024K)]
  0x0000027557cf4f10 JavaThread "Finalizer"                  daemon [_thread_blocked, id=54560, stack(0x000000e989400000,0x000000e989500000) (1024K)]
  0x0000027557cfad90 JavaThread "Signal Dispatcher"          daemon [_thread_blocked, id=4672, stack(0x000000e989500000,0x000000e989600000) (1024K)]
  0x0000027557cfcd90 JavaThread "Attach Listener"            daemon [_thread_blocked, id=42056, stack(0x000000e989600000,0x000000e989700000) (1024K)]
  0x0000027557cff7f0 JavaThread "Service Thread"             daemon [_thread_blocked, id=25708, stack(0x000000e989700000,0x000000e989800000) (1024K)]
  0x0000027557d08250 JavaThread "Monitor Deflation Thread"   daemon [_thread_blocked, id=39956, stack(0x000000e989800000,0x000000e989900000) (1024K)]
=>0x00000275585c0080 JavaThread "C2 CompilerThread0"         daemon [_thread_in_native, id=32020, stack(0x000000e989900000,0x000000e989a00000) (1024K)]
  0x00000275585c0720 JavaThread "C1 CompilerThread0"         daemon [_thread_blocked, id=42316, stack(0x000000e989a00000,0x000000e989b00000) (1024K)]
  0x00000275587124c0 JavaThread "Notification Thread"        daemon [_thread_blocked, id=52996, stack(0x000000e989b00000,0x000000e989c00000) (1024K)]
  0x0000027558714cf0 JavaThread "Common-Cleaner"             daemon [_thread_blocked, id=38148, stack(0x000000e989c00000,0x000000e989d00000) (1024K)]
  0x000002759e3756d0 JavaThread "Thread-1"                   daemon [_thread_blocked, id=54472, stack(0x000000e98a600000,0x000000e98a700000) (1024K)]
  0x00000275ab5c2ce0 JavaThread "C2 CompilerThread1"         daemon [_thread_in_native, id=33952, stack(0x000000e988800000,0x000000e988900000) (1024K)]
  0x00000275ab5c1f40 JavaThread "C2 CompilerThread2"         daemon [_thread_in_native, id=15864, stack(0x000000e988900000,0x000000e988a00000) (1024K)]
Total: 14

Other Threads:
  0x0000027557cda740 VMThread "VM Thread"                           [id=47676, stack(0x000000e989200000,0x000000e989300000) (1024K)]
  0x0000027557cc8110 WatcherThread "VM Periodic Task Thread"        [id=50552, stack(0x000000e989100000,0x000000e989200000) (1024K)]
  0x0000027538fc37f0 WorkerThread "GC Thread#0"                     [id=43352, stack(0x000000e988c00000,0x000000e988d00000) (1024K)]
  0x000002759e7cebf0 WorkerThread "GC Thread#1"                     [id=564, stack(0x000000e989f00000,0x000000e98a000000) (1024K)]
  0x000002759e7cef90 WorkerThread "GC Thread#2"                     [id=39484, stack(0x000000e98a000000,0x000000e98a100000) (1024K)]
  0x000002759ed04c00 WorkerThread "GC Thread#3"                     [id=41872, stack(0x000000e98a100000,0x000000e98a200000) (1024K)]
  0x000002759ef12e40 WorkerThread "GC Thread#4"                     [id=46224, stack(0x000000e98a200000,0x000000e98a300000) (1024K)]
  0x000002759ef131e0 WorkerThread "GC Thread#5"                     [id=14444, stack(0x000000e98a300000,0x000000e98a400000) (1024K)]
  0x000002759f1805d0 WorkerThread "GC Thread#6"                     [id=50168, stack(0x000000e98a400000,0x000000e98a500000) (1024K)]
  0x000002759f180d80 WorkerThread "GC Thread#7"                     [id=37536, stack(0x000000e98a500000,0x000000e98a600000) (1024K)]
  0x000002759eb3c1c0 WorkerThread "GC Thread#8"                     [id=47116, stack(0x000000e989d00000,0x000000e989e00000) (1024K)]
  0x000002759eb3ba80 WorkerThread "GC Thread#9"                     [id=45148, stack(0x000000e989e00000,0x000000e989f00000) (1024K)]
  0x0000027538fd52b0 ConcurrentGCThread "G1 Main Marker"            [id=49348, stack(0x000000e988d00000,0x000000e988e00000) (1024K)]
  0x0000027538fd8360 WorkerThread "G1 Conc#0"                       [id=5900, stack(0x000000e988e00000,0x000000e988f00000) (1024K)]
  0x000002759f94c120 WorkerThread "G1 Conc#1"                       [id=9816, stack(0x000000e98a800000,0x000000e98a900000) (1024K)]
  0x000002759f94de20 WorkerThread "G1 Conc#2"                       [id=40012, stack(0x000000e98a900000,0x000000e98aa00000) (1024K)]
  0x000002753901eac0 ConcurrentGCThread "G1 Refine#0"               [id=53044, stack(0x000000e988f00000,0x000000e989000000) (1024K)]
  0x0000027557b95580 ConcurrentGCThread "G1 Service"                [id=50120, stack(0x000000e989000000,0x000000e989100000) (1024K)]
Total: 18

Threads with active compile tasks:
C2 CompilerThread0    62996 10234   !   4       com.sun.tools.javac.jvm.ClassReader::classSigToType (482 bytes)
C1 CompilerThread0    62996 10526       3       com.sun.tools.javac.util.ListBuffer::next (56 bytes)
C2 CompilerThread1    62996 10421       4       com.sun.tools.javac.code.Symbol::complete (30 bytes)
C2 CompilerThread2    62996 10448       4       com.sun.tools.javac.code.Symtab::enterClass (71 bytes)
Total: 4

VM state: not at safepoint (normal execution)

VM Mutex/Monitor currently owned by a thread: None

Heap address: 0x0000000704400000, size: 4028 MB, Compressed Oops mode: Zero based, Oop shift amount: 3

CDS archive(s) mapped at: [0x0000027559000000-0x0000027559c90000-0x0000027559c90000), size 13172736, SharedBaseAddress: 0x0000027559000000, ArchiveRelocationMode: 1.
Compressed class space mapped at: 0x000002755a000000-0x000002759a000000, reserved size: 1073741824
Narrow klass base: 0x0000027559000000, Narrow klass shift: 0, Narrow klass range: 0x100000000

GC Precious Log:
 CardTable entry size: 512
 Card Set container configuration: InlinePtr #cards 4 size 8 Array Of Cards #cards 16 size 48 Howl #buckets 8 coarsen threshold 3686 Howl Bitmap #cards 512 size 80 coarsen threshold 460 Card regions per heap region 1 cards per card region 4096
 CPUs: 12 total, 12 available
 Memory: 16108M
 Large Page Support: Disabled
 NUMA Support: Disabled
 Compressed Oops: Enabled (Zero based)
 Heap Region Size: 2M
 Heap Min Capacity: 8M
 Heap Initial Capacity: 252M
 Heap Max Capacity: 4028M
 Pre-touch: Disabled
 Parallel Workers: 10
 Concurrent Workers: 3
 Concurrent Refinement Workers: 10
 Periodic GC: Disabled

Heap:
 garbage-first heap   total 192512K, used 124820K [0x0000000704400000, 0x0000000800000000)
  region size 2048K, 10 young (20480K), 3 survivors (6144K)
 Metaspace       used 84984K, committed 85568K, reserved 1179648K
  class space    used 9505K, committed 9792K, reserved 1048576K

Heap Regions: E=young(eden), S=young(survivor), O=old, HS=humongous(starts), HC=humongous(continues), CS=collection set, F=free, TAMS=top-at-mark-start, PB=parsable bottom
|   0|0x0000000704400000, 0x0000000704600000, 0x0000000704600000|100%| O|  |TAMS 0x0000000704400000| PB 0x0000000704400000| Untracked 
|   1|0x0000000704600000, 0x0000000704800000, 0x0000000704800000|100%| O|  |TAMS 0x0000000704600000| PB 0x0000000704600000| Untracked 
|   2|0x0000000704800000, 0x0000000704a00000, 0x0000000704a00000|100%| O|  |TAMS 0x0000000704800000| PB 0x0000000704800000| Untracked 
|   3|0x0000000704a00000, 0x0000000704c00000, 0x0000000704c00000|100%| O|  |TAMS 0x0000000704a00000| PB 0x0000000704a00000| Untracked 
|   4|0x0000000704c00000, 0x0000000704e00000, 0x0000000704e00000|100%| O|  |TAMS 0x0000000704c00000| PB 0x0000000704c00000| Untracked 
|   5|0x0000000704e00000, 0x0000000705000000, 0x0000000705000000|100%| O|  |TAMS 0x0000000704e00000| PB 0x0000000704e00000| Untracked 
|   6|0x0000000705000000, 0x0000000705200000, 0x0000000705200000|100%| O|  |TAMS 0x0000000705000000| PB 0x0000000705000000| Untracked 
|   7|0x0000000705200000, 0x0000000705400000, 0x0000000705400000|100%| O|  |TAMS 0x0000000705200000| PB 0x0000000705200000| Untracked 
|   8|0x0000000705400000, 0x0000000705600000, 0x0000000705600000|100%| O|Cm|TAMS 0x0000000705400000| PB 0x0000000705400000| Complete 
|   9|0x0000000705600000, 0x0000000705800000, 0x0000000705800000|100%| O|  |TAMS 0x0000000705600000| PB 0x0000000705600000| Untracked 
|  10|0x0000000705800000, 0x0000000705a00000, 0x0000000705a00000|100%| O|Cm|TAMS 0x0000000705800000| PB 0x0000000705800000| Complete 
|  11|0x0000000705a00000, 0x0000000705c00000, 0x0000000705c00000|100%|HS|  |TAMS 0x0000000705a00000| PB 0x0000000705a00000| Complete 
|  12|0x0000000705c00000, 0x0000000705e00000, 0x0000000705e00000|100%| O|Cm|TAMS 0x0000000705c00000| PB 0x0000000705c00000| Complete 
|  13|0x0000000705e00000, 0x0000000706000000, 0x0000000706000000|100%|HS|  |TAMS 0x0000000705e00000| PB 0x0000000705e00000| Complete 
|  14|0x0000000706000000, 0x0000000706200000, 0x0000000706200000|100%|HC|  |TAMS 0x0000000706000000| PB 0x0000000706000000| Complete 
|  15|0x0000000706200000, 0x0000000706400000, 0x0000000706400000|100%| O|Cm|TAMS 0x0000000706200000| PB 0x0000000706200000| Complete 
|  16|0x0000000706400000, 0x0000000706400000, 0x0000000706600000|  0%| F|  |TAMS 0x0000000706400000| PB 0x0000000706400000| Untracked 
|  17|0x0000000706600000, 0x0000000706600000, 0x0000000706800000|  0%| F|  |TAMS 0x0000000706600000| PB 0x0000000706600000| Untracked 
|  18|0x0000000706800000, 0x0000000706800000, 0x0000000706a00000|  0%| F|  |TAMS 0x0000000706800000| PB 0x0000000706800000| Untracked 
|  19|0x0000000706a00000, 0x0000000706c00000, 0x0000000706c00000|100%| O|Cm|TAMS 0x0000000706a00000| PB 0x0000000706a00000| Complete 
|  20|0x0000000706c00000, 0x0000000706e00000, 0x0000000706e00000|100%| O|  |TAMS 0x0000000706c00000| PB 0x0000000706c00000| Untracked 
|  21|0x0000000706e00000, 0x0000000707000000, 0x0000000707000000|100%| O|  |TAMS 0x0000000706e00000| PB 0x0000000706e00000| Untracked 
|  22|0x0000000707000000, 0x0000000707200000, 0x0000000707200000|100%| O|Cm|TAMS 0x0000000707000000| PB 0x0000000707000000| Complete 
|  23|0x0000000707200000, 0x0000000707400000, 0x0000000707400000|100%| O|  |TAMS 0x0000000707200000| PB 0x0000000707200000| Untracked 
|  24|0x0000000707400000, 0x0000000707600000, 0x0000000707600000|100%| O|  |TAMS 0x0000000707400000| PB 0x0000000707400000| Untracked 
|  25|0x0000000707600000, 0x0000000707800000, 0x0000000707800000|100%| O|  |TAMS 0x0000000707600000| PB 0x0000000707600000| Untracked 
|  26|0x0000000707800000, 0x0000000707800000, 0x0000000707a00000|  0%| F|  |TAMS 0x0000000707800000| PB 0x0000000707800000| Untracked 
|  27|0x0000000707a00000, 0x0000000707a00000, 0x0000000707c00000|  0%| F|  |TAMS 0x0000000707a00000| PB 0x0000000707a00000| Untracked 
|  28|0x0000000707c00000, 0x0000000707c00000, 0x0000000707e00000|  0%| F|  |TAMS 0x0000000707c00000| PB 0x0000000707c00000| Untracked 
|  29|0x0000000707e00000, 0x0000000708000000, 0x0000000708000000|100%| O|  |TAMS 0x0000000707e00000| PB 0x0000000707e00000| Untracked 
|  30|0x0000000708000000, 0x0000000708000000, 0x0000000708200000|  0%| F|  |TAMS 0x0000000708000000| PB 0x0000000708000000| Untracked 
|  31|0x0000000708200000, 0x0000000708200000, 0x0000000708400000|  0%| F|  |TAMS 0x0000000708200000| PB 0x0000000708200000| Untracked 
|  32|0x0000000708400000, 0x0000000708600000, 0x0000000708600000|100%|HS|  |TAMS 0x0000000708400000| PB 0x0000000708400000| Complete 
|  33|0x0000000708600000, 0x0000000708800000, 0x0000000708800000|100%|HC|  |TAMS 0x0000000708600000| PB 0x0000000708600000| Complete 
|  34|0x0000000708800000, 0x0000000708a00000, 0x0000000708a00000|100%| O|  |TAMS 0x0000000708800000| PB 0x0000000708800000| Untracked 
|  35|0x0000000708a00000, 0x0000000708c00000, 0x0000000708c00000|100%| O|  |TAMS 0x0000000708a00000| PB 0x0000000708a00000| Untracked 
|  36|0x0000000708c00000, 0x0000000708e00000, 0x0000000708e00000|100%| O|  |TAMS 0x0000000708c00000| PB 0x0000000708c00000| Untracked 
|  37|0x0000000708e00000, 0x0000000709000000, 0x0000000709000000|100%| O|Cm|TAMS 0x0000000708e00000| PB 0x0000000708e00000| Complete 
|  38|0x0000000709000000, 0x0000000709200000, 0x0000000709200000|100%| O|Cm|TAMS 0x0000000709000000| PB 0x0000000709000000| Complete 
|  39|0x0000000709200000, 0x0000000709400000, 0x0000000709400000|100%| O|Cm|TAMS 0x0000000709200000| PB 0x0000000709200000| Complete 
|  40|0x0000000709400000, 0x0000000709400000, 0x0000000709600000|  0%| F|  |TAMS 0x0000000709400000| PB 0x0000000709400000| Untracked 
|  41|0x0000000709600000, 0x0000000709600000, 0x0000000709800000|  0%| F|  |TAMS 0x0000000709600000| PB 0x0000000709600000| Untracked 
|  42|0x0000000709800000, 0x0000000709a00000, 0x0000000709a00000|100%| O|  |TAMS 0x0000000709800000| PB 0x0000000709800000| Untracked 
|  43|0x0000000709a00000, 0x0000000709c00000, 0x0000000709c00000|100%| O|  |TAMS 0x0000000709a00000| PB 0x0000000709a00000| Untracked 
|  44|0x0000000709c00000, 0x0000000709e00000, 0x0000000709e00000|100%| O|  |TAMS 0x0000000709c00000| PB 0x0000000709c00000| Untracked 
|  45|0x0000000709e00000, 0x000000070a000000, 0x000000070a000000|100%| O|  |TAMS 0x0000000709e00000| PB 0x0000000709e00000| Untracked 
|  46|0x000000070a000000, 0x000000070a200000, 0x000000070a200000|100%| O|  |TAMS 0x000000070a000000| PB 0x000000070a000000| Untracked 
|  47|0x000000070a200000, 0x000000070a400000, 0x000000070a400000|100%| O|  |TAMS 0x000000070a200000| PB 0x000000070a200000| Untracked 
|  48|0x000000070a400000, 0x000000070a600000, 0x000000070a600000|100%| O|  |TAMS 0x000000070a400000| PB 0x000000070a400000| Untracked 
|  49|0x000000070a600000, 0x000000070a600000, 0x000000070a800000|  0%| F|  |TAMS 0x000000070a600000| PB 0x000000070a600000| Untracked 
|  50|0x000000070a800000, 0x000000070a800000, 0x000000070aa00000|  0%| F|  |TAMS 0x000000070a800000| PB 0x000000070a800000| Untracked 
|  51|0x000000070aa00000, 0x000000070aa00000, 0x000000070ac00000|  0%| F|  |TAMS 0x000000070aa00000| PB 0x000000070aa00000| Untracked 
|  52|0x000000070ac00000, 0x000000070ac00000, 0x000000070ae00000|  0%| F|  |TAMS 0x000000070ac00000| PB 0x000000070ac00000| Untracked 
|  53|0x000000070ae00000, 0x000000070afe5328, 0x000000070b000000| 94%| S|CS|TAMS 0x000000070ae00000| PB 0x000000070ae00000| Complete 
|  54|0x000000070b000000, 0x000000070b200000, 0x000000070b200000|100%| S|CS|TAMS 0x000000070b000000| PB 0x000000070b000000| Complete 
|  55|0x000000070b200000, 0x000000070b400000, 0x000000070b400000|100%| S|CS|TAMS 0x000000070b200000| PB 0x000000070b200000| Complete 
|  56|0x000000070b400000, 0x000000070b400000, 0x000000070b600000|  0%| F|  |TAMS 0x000000070b400000| PB 0x000000070b400000| Untracked 
|  57|0x000000070b600000, 0x000000070b600000, 0x000000070b800000|  0%| F|  |TAMS 0x000000070b600000| PB 0x000000070b600000| Untracked 
|  58|0x000000070b800000, 0x000000070b800000, 0x000000070ba00000|  0%| F|  |TAMS 0x000000070b800000| PB 0x000000070b800000| Untracked 
|  59|0x000000070ba00000, 0x000000070ba00000, 0x000000070bc00000|  0%| F|  |TAMS 0x000000070ba00000| PB 0x000000070ba00000| Untracked 
|  60|0x000000070bc00000, 0x000000070bc00000, 0x000000070be00000|  0%| F|  |TAMS 0x000000070bc00000| PB 0x000000070bc00000| Untracked 
|  61|0x000000070be00000, 0x000000070be00000, 0x000000070c000000|  0%| F|  |TAMS 0x000000070be00000| PB 0x000000070be00000| Untracked 
|  62|0x000000070c000000, 0x000000070c000000, 0x000000070c200000|  0%| F|  |TAMS 0x000000070c000000| PB 0x000000070c000000| Untracked 
|  63|0x000000070c200000, 0x000000070c200000, 0x000000070c400000|  0%| F|  |TAMS 0x000000070c200000| PB 0x000000070c200000| Untracked 
|  64|0x000000070c400000, 0x000000070c400000, 0x000000070c600000|  0%| F|  |TAMS 0x000000070c400000| PB 0x000000070c400000| Untracked 
|  65|0x000000070c600000, 0x000000070c600000, 0x000000070c800000|  0%| F|  |TAMS 0x000000070c600000| PB 0x000000070c600000| Untracked 
|  66|0x000000070c800000, 0x000000070c800000, 0x000000070ca00000|  0%| F|  |TAMS 0x000000070c800000| PB 0x000000070c800000| Untracked 
|  67|0x000000070ca00000, 0x000000070ca00000, 0x000000070cc00000|  0%| F|  |TAMS 0x000000070ca00000| PB 0x000000070ca00000| Untracked 
|  68|0x000000070cc00000, 0x000000070cc00000, 0x000000070ce00000|  0%| F|  |TAMS 0x000000070cc00000| PB 0x000000070cc00000| Untracked 
|  69|0x000000070ce00000, 0x000000070ce00000, 0x000000070d000000|  0%| F|  |TAMS 0x000000070ce00000| PB 0x000000070ce00000| Untracked 
|  70|0x000000070d000000, 0x000000070d000000, 0x000000070d200000|  0%| F|  |TAMS 0x000000070d000000| PB 0x000000070d000000| Untracked 
|  71|0x000000070d200000, 0x000000070d200000, 0x000000070d400000|  0%| F|  |TAMS 0x000000070d200000| PB 0x000000070d200000| Untracked 
|  72|0x000000070d400000, 0x000000070d400000, 0x000000070d600000|  0%| F|  |TAMS 0x000000070d400000| PB 0x000000070d400000| Untracked 
|  73|0x000000070d600000, 0x000000070d68e860, 0x000000070d800000| 27%| E|  |TAMS 0x000000070d600000| PB 0x000000070d600000| Complete 
|  96|0x0000000710400000, 0x0000000710600000, 0x0000000710600000|100%| E|CS|TAMS 0x0000000710400000| PB 0x0000000710400000| Complete 
|  97|0x0000000710600000, 0x0000000710800000, 0x0000000710800000|100%| E|CS|TAMS 0x0000000710600000| PB 0x0000000710600000| Complete 
|  98|0x0000000710800000, 0x0000000710a00000, 0x0000000710a00000|100%| E|CS|TAMS 0x0000000710800000| PB 0x0000000710800000| Complete 
|  99|0x0000000710a00000, 0x0000000710c00000, 0x0000000710c00000|100%| E|CS|TAMS 0x0000000710a00000| PB 0x0000000710a00000| Complete 
| 100|0x0000000710c00000, 0x0000000710e00000, 0x0000000710e00000|100%| E|CS|TAMS 0x0000000710c00000| PB 0x0000000710c00000| Complete 
| 101|0x0000000710e00000, 0x0000000711000000, 0x0000000711000000|100%| E|CS|TAMS 0x0000000710e00000| PB 0x0000000710e00000| Complete 
| 125|0x0000000713e00000, 0x0000000714000000, 0x0000000714000000|100%| E|CS|TAMS 0x0000000713e00000| PB 0x0000000713e00000| Complete 
|2001|0x00000007fe600000, 0x00000007fe800000, 0x00000007fe800000|100%| O|  |TAMS 0x00000007fe600000| PB 0x00000007fe600000| Untracked 
|2002|0x00000007fe800000, 0x00000007fea00000, 0x00000007fea00000|100%| O|  |TAMS 0x00000007fe800000| PB 0x00000007fe800000| Untracked 
|2003|0x00000007fea00000, 0x00000007fec00000, 0x00000007fec00000|100%| O|  |TAMS 0x00000007fea00000| PB 0x00000007fea00000| Untracked 
|2004|0x00000007fec00000, 0x00000007fee00000, 0x00000007fee00000|100%| O|  |TAMS 0x00000007fec00000| PB 0x00000007fec00000| Untracked 
|2005|0x00000007fee00000, 0x00000007ff000000, 0x00000007ff000000|100%| O|  |TAMS 0x00000007fee00000| PB 0x00000007fee00000| Untracked 
|2006|0x00000007ff000000, 0x00000007ff200000, 0x00000007ff200000|100%| O|  |TAMS 0x00000007ff000000| PB 0x00000007ff000000| Untracked 
|2007|0x00000007ff200000, 0x00000007ff400000, 0x00000007ff400000|100%| O|  |TAMS 0x00000007ff200000| PB 0x00000007ff200000| Untracked 
|2008|0x00000007ff400000, 0x00000007ff600000, 0x00000007ff600000|100%| O|  |TAMS 0x00000007ff400000| PB 0x00000007ff400000| Untracked 
|2009|0x00000007ff600000, 0x00000007ff800000, 0x00000007ff800000|100%| O|Cm|TAMS 0x00000007ff600000| PB 0x00000007ff600000| Complete 
|2010|0x00000007ff800000, 0x00000007ffa00000, 0x00000007ffa00000|100%| O|  |TAMS 0x00000007ff800000| PB 0x00000007ff800000| Untracked 
|2011|0x00000007ffa00000, 0x00000007ffc00000, 0x00000007ffc00000|100%| O|  |TAMS 0x00000007ffa00000| PB 0x00000007ffa00000| Untracked 
|2012|0x00000007ffc00000, 0x00000007ffe00000, 0x00000007ffe00000|100%| O|  |TAMS 0x00000007ffc00000| PB 0x00000007ffc00000| Untracked 
|2013|0x00000007ffe00000, 0x0000000800000000, 0x0000000800000000|100%| O|  |TAMS 0x00000007ffe00000| PB 0x00000007ffe00000| Untracked 

Card table byte_map: [0x0000027551110000,0x00000275518f0000] _byte_map_base: 0x000002754d8ee000

Marking Bits: (CMBitMap*) 0x0000027538fc3e00
 Bits: [0x00000275518f0000, 0x00000275557e0000)

Polling page: 0x0000027536e50000

Metaspace:

Usage:
  Non-class:     73.73 MB used.
      Class:      9.28 MB used.
       Both:     83.01 MB used.

Virtual space:
  Non-class space:      128.00 MB reserved,      74.06 MB ( 58%) committed,  2 nodes.
      Class space:        1.00 GB reserved,       9.56 MB ( <1%) committed,  1 nodes.
             Both:        1.12 GB reserved,      83.62 MB (  7%) committed. 

Chunk freelists:
   Non-Class:  5.30 MB
       Class:  6.48 MB
        Both:  11.78 MB

MaxMetaspaceSize: unlimited
CompressedClassSpaceSize: 1.00 GB
Initial GC threshold: 21.00 MB
Current GC threshold: 139.06 MB
CDS: on
 - commit_granule_bytes: 65536.
 - commit_granule_words: 8192.
 - virtual_space_node_default_size: 8388608.
 - enlarge_chunks_in_place: 1.
 - use_allocation_guard: 0.


Internal statistics:

num_allocs_failed_limit: 15.
num_arena_births: 506.
num_arena_deaths: 0.
num_vsnodes_births: 3.
num_vsnodes_deaths: 0.
num_space_committed: 1338.
num_space_uncommitted: 0.
num_chunks_returned_to_freelist: 15.
num_chunks_taken_from_freelist: 3477.
num_chunk_merges: 15.
num_chunk_splits: 2807.
num_chunks_enlarged: 2461.
num_inconsistent_stats: 0.

CodeHeap 'non-profiled nmethods': size=120000Kb used=5613Kb max_used=5692Kb free=114386Kb
 bounds [0x0000027548eb0000, 0x0000027549440000, 0x00000275503e0000]
CodeHeap 'profiled nmethods': size=120000Kb used=19880Kb max_used=20248Kb free=100119Kb
 bounds [0x00000275413e0000, 0x00000275427b0000, 0x0000027548910000]
CodeHeap 'non-nmethods': size=5760Kb used=1849Kb max_used=1906Kb free=3910Kb
 bounds [0x0000027548910000, 0x0000027548b80000, 0x0000027548eb0000]
 total_blobs=9938 nmethods=9099 adapters=742
 compilation: enabled
              stopped_count=0, restarted_count=0
 full_count=0

Compilation events (20 events):
Event: 61.915 Thread 0x00000275585c0720 nmethod 10475 0x000002754167b310 code [0x000002754167b5c0, 0x000002754167c4b8]
Event: 61.915 Thread 0x00000275585c0720 10476       3       com.sun.tools.javac.code.Lint::<init> (35 bytes)
Event: 61.915 Thread 0x00000275585c0720 nmethod 10476 0x00000275415d6c90 code [0x00000275415d6e60, 0x00000275415d72b8]
Event: 61.915 Thread 0x00000275585c0720 10479       3       com.sun.tools.javac.jvm.ClassReader::attachAnnotations (10 bytes)
Event: 61.916 Thread 0x00000275585c0720 nmethod 10479 0x000002754172d810 code [0x000002754172d9c0, 0x000002754172db80]
Event: 61.916 Thread 0x00000275585c0720 10480       3       com.sun.tools.javac.jvm.ClassReader$15::read (9 bytes)
Event: 61.916 Thread 0x00000275585c0720 nmethod 10480 0x0000027541b29f10 code [0x0000027541b2a0e0, 0x0000027541b2a2f8]
Event: 61.917 Thread 0x00000275585c0720 10482       3       com.sun.tools.javac.code.Type$DelegatedType::getThrownTypes (8 bytes)
Event: 61.917 Thread 0x00000275585c0720 nmethod 10482 0x0000027542180a10 code [0x0000027542180bc0, 0x0000027542180da0]
Event: 61.917 Thread 0x00000275585c0720 10483       3       com.sun.tools.javac.code.Type$ForAll::asMethodType (8 bytes)
Event: 61.917 Thread 0x00000275585c0720 nmethod 10483 0x00000275421f1490 code [0x00000275421f1640, 0x00000275421f1848]
Event: 61.918 Thread 0x00000275585c0720 10484       3       sun.nio.fs.WindowsException::rethrowAsIOException (39 bytes)
Event: 61.919 Thread 0x00000275585c0720 nmethod 10484 0x0000027542210c10 code [0x0000027542210dc0, 0x00000275422110d0]
Event: 61.919 Thread 0x00000275585c0720 10485       3       sun.nio.fs.WindowsException::translateToIOException (109 bytes)
Event: 61.920 Thread 0x00000275585c0720 nmethod 10485 0x000002754171bb90 code [0x000002754171be80, 0x000002754171ce48]
Event: 61.921 Thread 0x00000275585c0720 10486       3       java.util.ArrayDeque::iterator (9 bytes)
Event: 61.921 Thread 0x00000275585c0720 nmethod 10486 0x000002754252e310 code [0x000002754252e4e0, 0x000002754252e8a0]
Event: 61.921 Thread 0x00000275585c0720 10487       3       java.util.ArrayDeque$DeqIterator::<init> (34 bytes)
Event: 61.921 Thread 0x00000275585c0720 nmethod 10487 0x0000027541667010 code [0x00000275416671c0, 0x00000275416674b8]
Event: 61.932 Thread 0x00000275585c0720 10488       3       com.sun.tools.javac.file.JavacFileManager$ArchiveContainer::list (57 bytes)

GC Heap History (20 events):
Event: 46.323 GC heap before
{Heap before GC invocations=8 (full 0):
 garbage-first heap   total 153600K, used 58315K [0x0000000704400000, 0x0000000800000000)
  region size 2048K, 4 young (8192K), 3 survivors (6144K)
 Metaspace       used 36148K, committed 36608K, reserved 1114112K
  class space    used 3923K, committed 4160K, reserved 1048576K
}
Event: 46.328 GC heap after
{Heap after GC invocations=9 (full 0):
 garbage-first heap   total 153600K, used 61054K [0x0000000704400000, 0x0000000800000000)
  region size 2048K, 1 young (2048K), 1 survivors (2048K)
 Metaspace       used 36148K, committed 36608K, reserved 1114112K
  class space    used 3923K, committed 4160K, reserved 1048576K
}
Event: 48.405 GC heap before
{Heap before GC invocations=10 (full 0):
 garbage-first heap   total 153600K, used 130686K [0x0000000704400000, 0x0000000800000000)
  region size 2048K, 35 young (71680K), 1 survivors (2048K)
 Metaspace       used 49935K, committed 50432K, reserved 1114112K
  class space    used 5853K, committed 6080K, reserved 1048576K
}
Event: 48.413 GC heap after
{Heap after GC invocations=11 (full 0):
 garbage-first heap   total 153600K, used 63488K [0x0000000704400000, 0x0000000800000000)
  region size 2048K, 2 young (4096K), 2 survivors (4096K)
 Metaspace       used 49935K, committed 50432K, reserved 1114112K
  class space    used 5853K, committed 6080K, reserved 1048576K
}
Event: 50.499 GC heap before
{Heap before GC invocations=11 (full 0):
 garbage-first heap   total 153600K, used 126976K [0x0000000704400000, 0x0000000800000000)
  region size 2048K, 34 young (69632K), 2 survivors (4096K)
 Metaspace       used 61085K, committed 61568K, reserved 1114112K
  class space    used 6928K, committed 7168K, reserved 1048576K
}
Event: 50.509 GC heap after
{Heap after GC invocations=12 (full 0):
 garbage-first heap   total 153600K, used 67475K [0x0000000704400000, 0x0000000800000000)
  region size 2048K, 5 young (10240K), 5 survivors (10240K)
 Metaspace       used 61085K, committed 61568K, reserved 1114112K
  class space    used 6928K, committed 7168K, reserved 1048576K
}
Event: 50.556 GC heap before
{Heap before GC invocations=12 (full 0):
 garbage-first heap   total 153600K, used 69523K [0x0000000704400000, 0x0000000800000000)
  region size 2048K, 7 young (14336K), 5 survivors (10240K)
 Metaspace       used 61435K, committed 61888K, reserved 1114112K
  class space    used 6962K, committed 7168K, reserved 1048576K
}
Event: 50.565 GC heap after
{Heap after GC invocations=13 (full 0):
 garbage-first heap   total 153600K, used 67826K [0x0000000704400000, 0x0000000800000000)
  region size 2048K, 3 young (6144K), 3 survivors (6144K)
 Metaspace       used 61435K, committed 61888K, reserved 1114112K
  class space    used 6962K, committed 7168K, reserved 1048576K
}
Event: 52.743 GC heap before
{Heap before GC invocations=14 (full 0):
 garbage-first heap   total 153600K, used 133362K [0x0000000704400000, 0x0000000800000000)
  region size 2048K, 35 young (71680K), 3 survivors (6144K)
 Metaspace       used 67640K, committed 68096K, reserved 1114112K
  class space    used 7641K, committed 7872K, reserved 1048576K
}
Event: 52.763 GC heap after
{Heap after GC invocations=15 (full 0):
 garbage-first heap   total 153600K, used 80679K [0x0000000704400000, 0x0000000800000000)
  region size 2048K, 5 young (10240K), 5 survivors (10240K)
 Metaspace       used 67640K, committed 68096K, reserved 1114112K
  class space    used 7641K, committed 7872K, reserved 1048576K
}
Event: 55.438 GC heap before
{Heap before GC invocations=15 (full 0):
 garbage-first heap   total 153600K, used 129831K [0x0000000704400000, 0x0000000800000000)
  region size 2048K, 29 young (59392K), 5 survivors (10240K)
 Metaspace       used 77858K, committed 78400K, reserved 1179648K
  class space    used 8719K, committed 8960K, reserved 1048576K
}
Event: 55.457 GC heap after
{Heap after GC invocations=16 (full 0):
 garbage-first heap   total 153600K, used 83623K [0x0000000704400000, 0x0000000800000000)
  region size 2048K, 2 young (4096K), 2 survivors (4096K)
 Metaspace       used 77858K, committed 78400K, reserved 1179648K
  class space    used 8719K, committed 8960K, reserved 1048576K
}
Event: 56.994 GC heap before
{Heap before GC invocations=16 (full 0):
 garbage-first heap   total 153600K, used 102055K [0x0000000704400000, 0x0000000800000000)
  region size 2048K, 13 young (26624K), 2 survivors (4096K)
 Metaspace       used 78370K, committed 78848K, reserved 1179648K
  class space    used 8776K, committed 8960K, reserved 1048576K
}
Event: 57.001 GC heap after
{Heap after GC invocations=17 (full 0):
 garbage-first heap   total 153600K, used 82957K [0x0000000704400000, 0x0000000800000000)
  region size 2048K, 2 young (4096K), 2 survivors (4096K)
 Metaspace       used 78370K, committed 78848K, reserved 1179648K
  class space    used 8776K, committed 8960K, reserved 1048576K
}
Event: 59.840 GC heap before
{Heap before GC invocations=18 (full 0):
 garbage-first heap   total 153600K, used 142349K [0x0000000704400000, 0x0000000800000000)
  region size 2048K, 28 young (57344K), 2 survivors (4096K)
 Metaspace       used 84165K, committed 84672K, reserved 1179648K
  class space    used 9433K, committed 9664K, reserved 1048576K
}
Event: 59.863 GC heap after
{Heap after GC invocations=19 (full 0):
 garbage-first heap   total 167936K, used 109457K [0x0000000704400000, 0x0000000800000000)
  region size 2048K, 4 young (8192K), 4 survivors (8192K)
 Metaspace       used 84165K, committed 84672K, reserved 1179648K
  class space    used 9433K, committed 9664K, reserved 1048576K
}
Event: 60.979 GC heap before
{Heap before GC invocations=19 (full 0):
 garbage-first heap   total 167936K, used 144273K [0x0000000704400000, 0x0000000800000000)
  region size 2048K, 22 young (45056K), 4 survivors (8192K)
 Metaspace       used 84193K, committed 84736K, reserved 1179648K
  class space    used 9433K, committed 9664K, reserved 1048576K
}
Event: 61.001 GC heap after
{Heap after GC invocations=20 (full 0):
 garbage-first heap   total 169984K, used 121371K [0x0000000704400000, 0x0000000800000000)
  region size 2048K, 3 young (6144K), 3 survivors (6144K)
 Metaspace       used 84193K, committed 84736K, reserved 1179648K
  class space    used 9433K, committed 9664K, reserved 1048576K
}
Event: 61.658 GC heap before
{Heap before GC invocations=20 (full 0):
 garbage-first heap   total 169984K, used 147995K [0x0000000704400000, 0x0000000800000000)
  region size 2048K, 17 young (34816K), 3 survivors (6144K)
 Metaspace       used 84808K, committed 85440K, reserved 1179648K
  class space    used 9497K, committed 9792K, reserved 1048576K
}
Event: 61.670 GC heap after
{Heap after GC invocations=21 (full 0):
 garbage-first heap   total 169984K, used 128916K [0x0000000704400000, 0x0000000800000000)
  region size 2048K, 3 young (6144K), 3 survivors (6144K)
 Metaspace       used 84808K, committed 85440K, reserved 1179648K
  class space    used 9497K, committed 9792K, reserved 1048576K
}

Dll operation events (8 events):
Event: 0.027 Loaded shared library C:\Program Files\Java\jdk-21.0.6\bin\java.dll
Event: 0.114 Loaded shared library C:\Program Files\Java\jdk-21.0.6\bin\jsvml.dll
Event: 0.180 Loaded shared library C:\Program Files\Java\jdk-21.0.6\bin\net.dll
Event: 0.185 Loaded shared library C:\Program Files\Java\jdk-21.0.6\bin\nio.dll
Event: 0.193 Loaded shared library C:\Program Files\Java\jdk-21.0.6\bin\zip.dll
Event: 0.662 Loaded shared library C:\Program Files\apache-maven-3.9.9\lib\jansi-native\Windows\x86_64\jansi.dll
Event: 0.720 Loaded shared library C:\Program Files\Java\jdk-21.0.6\bin\verify.dll
Event: 0.723 Loaded shared library C:\Program Files\Java\jdk-21.0.6\bin\jimage.dll

Deoptimization events (20 events):
Event: 61.042 Thread 0x0000027536b388c0 DEOPT PACKING pc=0x000002754170b33c sp=0x000000e988bfd260
Event: 61.043 Thread 0x0000027536b388c0 DEOPT UNPACKING pc=0x0000027548964e42 sp=0x000000e988bfc750 mode 0
Event: 61.250 Thread 0x0000027536b388c0 Uncommon trap: trap_request=0xffffff45 fr.pc=0x00000275493b1754 relative=0x00000000000006b4
Event: 61.250 Thread 0x0000027536b388c0 Uncommon trap: reason=unstable_if action=reinterpret pc=0x00000275493b1754 method=java.nio.file.FileTreeWalker.visit(Ljava/nio/file/Path;ZZ)Ljava/nio/file/FileTreeWalker$Event; @ 84 c2
Event: 61.250 Thread 0x0000027536b388c0 DEOPT PACKING pc=0x00000275493b1754 sp=0x000000e988bfd220
Event: 61.250 Thread 0x0000027536b388c0 DEOPT UNPACKING pc=0x00000275489646a2 sp=0x000000e988bfd1e0 mode 2
Event: 61.369 Thread 0x0000027536b388c0 Uncommon trap: trap_request=0xffffff45 fr.pc=0x00000275490e84d4 relative=0x00000000000002b4
Event: 61.369 Thread 0x0000027536b388c0 Uncommon trap: reason=unstable_if action=reinterpret pc=0x00000275490e84d4 method=com.sun.tools.javac.util.Convert.utf2chars([BI[CIILcom/sun/tools/javac/util/Convert$Validation;)I @ 24 c2
Event: 61.369 Thread 0x0000027536b388c0 DEOPT PACKING pc=0x00000275490e84d4 sp=0x000000e988bfc580
Event: 61.369 Thread 0x0000027536b388c0 DEOPT UNPACKING pc=0x00000275489646a2 sp=0x000000e988bfc4f8 mode 2
Event: 61.401 Thread 0x0000027536b388c0 DEOPT PACKING pc=0x00000275424be889 sp=0x000000e988bfcec0
Event: 61.401 Thread 0x0000027536b388c0 DEOPT UNPACKING pc=0x0000027548964e42 sp=0x000000e988bfc368 mode 0
Event: 61.413 Thread 0x0000027536b388c0 DEOPT PACKING pc=0x00000275424be889 sp=0x000000e988bfcfa0
Event: 61.413 Thread 0x0000027536b388c0 DEOPT UNPACKING pc=0x0000027548964e42 sp=0x000000e988bfc448 mode 0
Event: 61.449 Thread 0x0000027536b388c0 Uncommon trap: trap_request=0xffffff45 fr.pc=0x000002754910918c relative=0x000000000000006c
Event: 61.449 Thread 0x0000027536b388c0 Uncommon trap: reason=unstable_if action=reinterpret pc=0x000002754910918c method=com.sun.tools.javac.jvm.PoolReader.sizeof(I)I @ 1 c2
Event: 61.449 Thread 0x0000027536b388c0 DEOPT PACKING pc=0x000002754910918c sp=0x000000e988bfce20
Event: 61.449 Thread 0x0000027536b388c0 DEOPT UNPACKING pc=0x00000275489646a2 sp=0x000000e988bfcdb0 mode 2
Event: 61.809 Thread 0x0000027536b388c0 DEOPT PACKING pc=0x0000027542696686 sp=0x000000e988bfcb20
Event: 61.809 Thread 0x0000027536b388c0 DEOPT UNPACKING pc=0x0000027548964e42 sp=0x000000e988bfc0a0 mode 0

Classes loaded (20 events):
Event: 58.215 Loading class sun/nio/fs/BasicFileAttributesHolder
Event: 58.215 Loading class sun/nio/fs/BasicFileAttributesHolder done
Event: 61.017 Loading class java/util/ComparableTimSort
Event: 61.017 Loading class java/util/ComparableTimSort done
Event: 61.027 Loading class sun/nio/fs/WindowsDirectoryStream
Event: 61.027 Loading class sun/nio/fs/WindowsDirectoryStream done
Event: 61.027 Loading class sun/nio/fs/WindowsDirectoryStream$WindowsDirectoryIterator
Event: 61.028 Loading class sun/nio/fs/WindowsDirectoryStream$WindowsDirectoryIterator done
Event: 61.028 Loading class java/nio/file/Files$2
Event: 61.028 Loading class java/nio/file/Files$2 done
Event: 61.028 Loading class java/util/stream/Nodes$SpinedNodeBuilder
Event: 61.028 Loading class java/util/stream/Nodes$SpinedNodeBuilder done
Event: 61.044 Loading class sun/nio/fs/WindowsPath$WindowsPathWithAttributes
Event: 61.048 Loading class sun/nio/fs/WindowsPath$WindowsPathWithAttributes done
Event: 61.155 Loading class jdk/internal/jrtfs/JrtDirectoryStream
Event: 61.155 Loading class jdk/internal/jrtfs/JrtDirectoryStream done
Event: 61.158 Loading class jdk/internal/jrtfs/JrtDirectoryStream$1
Event: 61.158 Loading class jdk/internal/jrtfs/JrtDirectoryStream$1 done
Event: 61.248 Loading class java/nio/file/FileTreeWalker$1
Event: 61.249 Loading class java/nio/file/FileTreeWalker$1 done

Classes unloaded (0 events):
No events

Classes redefined (0 events):
No events

Internal exceptions (20 events):
Event: 61.931 Thread 0x0000027536b388c0 Exception <a 'sun/nio/fs/WindowsException'{0x00000007106c37a8}> (0x00000007106c37a8) 
thrown [s\open\src\hotspot\share\prims\jni.cpp, line 520]
Event: 61.932 Thread 0x0000027536b388c0 Exception <a 'sun/nio/fs/WindowsException'{0x00000007106c58c0}> (0x00000007106c58c0) 
thrown [s\open\src\hotspot\share\prims\jni.cpp, line 520]
Event: 61.932 Thread 0x0000027536b388c0 Exception <a 'sun/nio/fs/WindowsException'{0x00000007106c6b28}> (0x00000007106c6b28) 
thrown [s\open\src\hotspot\share\prims\jni.cpp, line 520]
Event: 61.932 Thread 0x0000027536b388c0 Exception <a 'sun/nio/fs/WindowsException'{0x00000007106c7b90}> (0x00000007106c7b90) 
thrown [s\open\src\hotspot\share\prims\jni.cpp, line 520]
Event: 61.933 Thread 0x0000027536b388c0 Exception <a 'sun/nio/fs/WindowsException'{0x00000007106c97f0}> (0x00000007106c97f0) 
thrown [s\open\src\hotspot\share\prims\jni.cpp, line 520]
Event: 61.933 Thread 0x0000027536b388c0 Exception <a 'sun/nio/fs/WindowsException'{0x00000007106d7b28}> (0x00000007106d7b28) 
thrown [s\open\src\hotspot\share\prims\jni.cpp, line 520]
Event: 61.934 Thread 0x0000027536b388c0 Exception <a 'sun/nio/fs/WindowsException'{0x00000007106fa770}> (0x00000007106fa770) 
thrown [s\open\src\hotspot\share\prims\jni.cpp, line 520]
Event: 61.934 Thread 0x0000027536b388c0 Exception <a 'sun/nio/fs/WindowsException'{0x00000007106fb538}> (0x00000007106fb538) 
thrown [s\open\src\hotspot\share\prims\jni.cpp, line 520]
Event: 61.935 Thread 0x0000027536b388c0 Exception <a 'sun/nio/fs/WindowsException'{0x0000000710703358}> (0x0000000710703358) 
thrown [s\open\src\hotspot\share\prims\jni.cpp, line 520]
Event: 61.935 Thread 0x0000027536b388c0 Exception <a 'sun/nio/fs/WindowsException'{0x0000000710704898}> (0x0000000710704898) 
thrown [s\open\src\hotspot\share\prims\jni.cpp, line 520]
Event: 61.935 Thread 0x0000027536b388c0 Exception <a 'sun/nio/fs/WindowsException'{0x0000000710705b48}> (0x0000000710705b48) 
thrown [s\open\src\hotspot\share\prims\jni.cpp, line 520]
Event: 61.935 Thread 0x0000027536b388c0 Exception <a 'sun/nio/fs/WindowsException'{0x0000000710706be0}> (0x0000000710706be0) 
thrown [s\open\src\hotspot\share\prims\jni.cpp, line 520]
Event: 61.936 Thread 0x0000027536b388c0 Exception <a 'sun/nio/fs/WindowsException'{0x0000000710708950}> (0x0000000710708950) 
thrown [s\open\src\hotspot\share\prims\jni.cpp, line 520]
Event: 61.936 Thread 0x0000027536b388c0 Exception <a 'sun/nio/fs/WindowsException'{0x000000071070b678}> (0x000000071070b678) 
thrown [s\open\src\hotspot\share\prims\jni.cpp, line 520]
Event: 61.936 Thread 0x0000027536b388c0 Exception <a 'sun/nio/fs/WindowsException'{0x000000071070fda0}> (0x000000071070fda0) 
thrown [s\open\src\hotspot\share\prims\jni.cpp, line 520]
Event: 61.936 Thread 0x0000027536b388c0 Exception <a 'sun/nio/fs/WindowsException'{0x0000000710710e68}> (0x0000000710710e68) 
thrown [s\open\src\hotspot\share\prims\jni.cpp, line 520]
Event: 61.936 Thread 0x0000027536b388c0 Exception <a 'sun/nio/fs/WindowsException'{0x0000000710712b30}> (0x0000000710712b30) 
thrown [s\open\src\hotspot\share\prims\jni.cpp, line 520]
Event: 61.936 Thread 0x0000027536b388c0 Exception <a 'sun/nio/fs/WindowsException'{0x000000071071a6b8}> (0x000000071071a6b8) 
thrown [s\open\src\hotspot\share\prims\jni.cpp, line 520]
Event: 61.937 Thread 0x0000027536b388c0 Exception <a 'sun/nio/fs/WindowsException'{0x000000071072f530}> (0x000000071072f530) 
thrown [s\open\src\hotspot\share\prims\jni.cpp, line 520]
Event: 61.937 Thread 0x0000027536b388c0 Exception <a 'sun/nio/fs/WindowsException'{0x00000007107303a8}> (0x00000007107303a8) 
thrown [s\open\src\hotspot\share\prims\jni.cpp, line 520]

ZGC Phase Switch (0 events):
No events

VM Operations (20 events):
Event: 60.214 Executing VM operation: HandshakeAllThreads (HandshakeForDeflation) done
Event: 60.215 Executing VM operation: RendezvousGCThreads
Event: 60.215 Executing VM operation: RendezvousGCThreads done
Event: 60.979 Executing VM operation: G1CollectForAllocation (G1 Evacuation Pause)
Event: 61.002 Executing VM operation: G1CollectForAllocation (G1 Evacuation Pause) done
Event: 61.030 Executing VM operation: HandshakeAllThreads (Deoptimize)
Event: 61.038 Executing VM operation: HandshakeAllThreads (Deoptimize) done
Event: 61.050 Executing VM operation: HandshakeAllThreads (Deoptimize)
Event: 61.050 Executing VM operation: HandshakeAllThreads (Deoptimize) done
Event: 61.247 Executing VM operation: HandshakeAllThreads (Deoptimize)
Event: 61.248 Executing VM operation: HandshakeAllThreads (Deoptimize) done
Event: 61.630 Executing VM operation: ICBufferFull
Event: 61.630 Executing VM operation: ICBufferFull done
Event: 61.658 Executing VM operation: G1CollectForAllocation (G1 Evacuation Pause)
Event: 61.671 Executing VM operation: G1CollectForAllocation (G1 Evacuation Pause) done
Event: 61.723 Executing VM operation: G1PauseRemark
Event: 61.735 Executing VM operation: G1PauseRemark done
Event: 61.759 Executing VM operation: G1PauseCleanup
Event: 61.759 Executing VM operation: G1PauseCleanup done
Event: 62.772 Executing VM operation: Cleanup

Events (20 events):
Event: 61.734 Thread 0x0000027557cda740 flushing nmethod 0x000002754217f890
Event: 61.734 Thread 0x0000027557cda740 flushing nmethod 0x0000027542180a10
Event: 61.734 Thread 0x0000027557cda740 flushing nmethod 0x00000275421b4910
Event: 61.734 Thread 0x0000027557cda740 flushing nmethod 0x00000275421bae10
Event: 61.734 Thread 0x0000027557cda740 flushing nmethod 0x00000275421bbc90
Event: 61.734 Thread 0x0000027557cda740 flushing nmethod 0x00000275421e0210
Event: 61.734 Thread 0x0000027557cda740 flushing nmethod 0x00000275421e3a10
Event: 61.734 Thread 0x0000027557cda740 flushing nmethod 0x00000275421e5d10
Event: 61.734 Thread 0x0000027557cda740 flushing nmethod 0x00000275421e6c90
Event: 61.734 Thread 0x0000027557cda740 flushing nmethod 0x0000027542210c10
Event: 61.734 Thread 0x0000027557cda740 flushing nmethod 0x0000027542212390
Event: 61.734 Thread 0x0000027557cda740 flushing nmethod 0x0000027542212810
Event: 61.734 Thread 0x0000027557cda740 flushing nmethod 0x0000027542348010
Event: 61.734 Thread 0x0000027557cda740 flushing nmethod 0x000002754239c690
Event: 61.734 Thread 0x0000027557cda740 flushing nmethod 0x00000275423a4890
Event: 61.734 Thread 0x0000027557cda740 flushing nmethod 0x00000275423a5a10
Event: 61.734 Thread 0x0000027557cda740 flushing nmethod 0x00000275424f3a10
Event: 61.734 Thread 0x0000027557cda740 flushing nmethod 0x0000027542524710
Event: 61.734 Thread 0x0000027557cda740 flushing nmethod 0x000002754252d010
Event: 61.734 Thread 0x0000027557cda740 flushing nmethod 0x000002754252e310


Dynamic libraries:
0x00007ff7fb730000 - 0x00007ff7fb740000 	C:\Program Files\Java\jdk-21.0.6\bin\java.exe
0x00007ffbc2960000 - 0x00007ffbc2bc5000 	C:\Windows\SYSTEM32\ntdll.dll
0x00007ffbc0f90000 - 0x00007ffbc1059000 	C:\Windows\System32\KERNEL32.DLL
0x00007ffbbfd70000 - 0x00007ffbc0158000 	C:\Windows\System32\KERNELBASE.dll
0x00007ffbc05b0000 - 0x00007ffbc06fb000 	C:\Windows\System32\ucrtbase.dll
0x00007ffbb0c10000 - 0x00007ffbb0c2b000 	C:\Program Files\Java\jdk-21.0.6\bin\VCRUNTIME140.dll
0x00007ffbac790000 - 0x00007ffbac7a9000 	C:\Program Files\Java\jdk-21.0.6\bin\jli.dll
0x00007ffbc1e40000 - 0x00007ffbc1ef3000 	C:\Windows\System32\ADVAPI32.dll
0x00007ffbc1c00000 - 0x00007ffbc1ca9000 	C:\Windows\System32\msvcrt.dll
0x00007ffbc07d0000 - 0x00007ffbc0876000 	C:\Windows\System32\sechost.dll
0x00007ffbc1d10000 - 0x00007ffbc1e25000 	C:\Windows\System32\RPCRT4.dll
0x00007ffbc20e0000 - 0x00007ffbc22aa000 	C:\Windows\System32\USER32.dll
0x00007ffbbfab0000 - 0x00007ffbbfad7000 	C:\Windows\System32\win32u.dll
0x00007ffb8ede0000 - 0x00007ffb8f07a000 	C:\Windows\WinSxS\amd64_microsoft.windows.common-controls_6595b64144ccf1df_6.0.26100.4202_none_3e0698d4e335f517\COMCTL32.dll
0x00007ffbc07a0000 - 0x00007ffbc07cb000 	C:\Windows\System32\GDI32.dll
0x00007ffbbfc30000 - 0x00007ffbbfd67000 	C:\Windows\System32\gdi32full.dll
0x00007ffbbfb80000 - 0x00007ffbbfc23000 	C:\Windows\System32\msvcp_win.dll
0x00007ffba0500000 - 0x00007ffba050b000 	C:\Windows\SYSTEM32\VERSION.dll
0x00007ffbc0bc0000 - 0x00007ffbc0bf0000 	C:\Windows\System32\IMM32.DLL
0x00007ffbb0b30000 - 0x00007ffbb0b3c000 	C:\Program Files\Java\jdk-21.0.6\bin\vcruntime140_1.dll
0x00007ffb7a940000 - 0x00007ffb7a9ce000 	C:\Program Files\Java\jdk-21.0.6\bin\msvcp140.dll
0x00007ffb02470000 - 0x00007ffb0318a000 	C:\Program Files\Java\jdk-21.0.6\bin\server\jvm.dll
0x00007ffbc08d0000 - 0x00007ffbc0944000 	C:\Windows\System32\WS2_32.dll
0x00007ffbb6330000 - 0x00007ffbb6365000 	C:\Windows\SYSTEM32\WINMM.dll
0x00007ffbbf900000 - 0x00007ffbbf95e000 	C:\Windows\SYSTEM32\POWRPROF.dll
0x00007ffbbf8e0000 - 0x00007ffbbf8f4000 	C:\Windows\SYSTEM32\UMPDC.dll
0x00007ffbbe7b0000 - 0x00007ffbbe7cb000 	C:\Windows\SYSTEM32\kernel.appcore.dll
0x00007ffbac750000 - 0x00007ffbac75a000 	C:\Program Files\Java\jdk-21.0.6\bin\jimage.dll
0x00007ffbbd150000 - 0x00007ffbbd391000 	C:\Windows\SYSTEM32\DBGHELP.DLL
0x00007ffbc0c00000 - 0x00007ffbc0f85000 	C:\Windows\System32\combase.dll
0x00007ffbc0ad0000 - 0x00007ffbc0bb1000 	C:\Windows\System32\OLEAUT32.dll
0x00007ffb86880000 - 0x00007ffb868b9000 	C:\Windows\SYSTEM32\dbgcore.DLL
0x00007ffbbfae0000 - 0x00007ffbbfb79000 	C:\Windows\System32\bcryptPrimitives.dll
0x00007ffbabea0000 - 0x00007ffbabebf000 	C:\Program Files\Java\jdk-21.0.6\bin\java.dll
0x00007ffbc1160000 - 0x00007ffbc18a2000 	C:\Windows\System32\SHELL32.dll
0x00007ffbc0220000 - 0x00007ffbc0394000 	C:\Windows\System32\wintypes.dll
0x00007ffbbd6d0000 - 0x00007ffbbdf28000 	C:\Windows\SYSTEM32\windows.storage.dll
0x00007ffbc22e0000 - 0x00007ffbc23d1000 	C:\Windows\System32\SHCORE.dll
0x00007ffbc1af0000 - 0x00007ffbc1b5a000 	C:\Windows\System32\shlwapi.dll
0x00007ffbbf9c0000 - 0x00007ffbbf9ef000 	C:\Windows\SYSTEM32\profapi.dll
0x00007ffb625c0000 - 0x00007ffb62697000 	C:\Program Files\Java\jdk-21.0.6\bin\jsvml.dll
0x00007ffbac740000 - 0x00007ffbac750000 	C:\Program Files\Java\jdk-21.0.6\bin\net.dll
0x00007ffbb9030000 - 0x00007ffbb914e000 	C:\Windows\SYSTEM32\WINHTTP.dll
0x00007ffbbede0000 - 0x00007ffbbee4a000 	C:\Windows\system32\mswsock.dll
0x00007ffbabe80000 - 0x00007ffbabe96000 	C:\Program Files\Java\jdk-21.0.6\bin\nio.dll
0x00007ffbab750000 - 0x00007ffbab768000 	C:\Program Files\Java\jdk-21.0.6\bin\zip.dll
0x00007ffbab6d0000 - 0x00007ffbab6f4000 	C:\Program Files\apache-maven-3.9.9\lib\jansi-native\Windows\x86_64\jansi.dll
0x00007ffbac5e0000 - 0x00007ffbac5f0000 	C:\Program Files\Java\jdk-21.0.6\bin\verify.dll

dbghelp: loaded successfully - version: 4.0.5 - missing functions: none
symbol engine: initialized successfully - sym options: 0x614 - pdb path: .;C:\Program Files\Java\jdk-21.0.6\bin;C:\Windows\SYSTEM32;C:\Windows\WinSxS\amd64_microsoft.windows.common-controls_6595b64144ccf1df_6.0.26100.4202_none_3e0698d4e335f517;C:\Program Files\Java\jdk-21.0.6\bin\server;C:\Program Files\apache-maven-3.9.9\lib\jansi-native\Windows\x86_64

VM Arguments:
jvm_args: -Dclassworlds.conf=C:\Program Files\apache-maven-3.9.9\bin\m2.conf -Dmaven.home=C:\Program Files\apache-maven-3.9.9 -Dlibrary.jansi.path=C:\Program Files\apache-maven-3.9.9\lib\jansi-native -Dmaven.multiModuleProjectDirectory=C:\xampp\htdocs\polyinformatiqueEcomm\kounetportfoliocQRS\blogService\queryBlog 
java_command: org.codehaus.plexus.classworlds.launcher.Launcher clean install -DskipTests
java_class_path (initial): C:\Program Files\apache-maven-3.9.9\boot\plexus-classworlds-2.8.0.jar
Launcher Type: SUN_STANDARD

[Global flags]
     intx CICompilerCount                          = 4                                         {product} {ergonomic}
     uint ConcGCThreads                            = 3                                         {product} {ergonomic}
     uint G1ConcRefinementThreads                  = 10                                        {product} {ergonomic}
   size_t G1HeapRegionSize                         = 2097152                                   {product} {ergonomic}
    uintx GCDrainStackTargetSize                   = 64                                        {product} {ergonomic}
   size_t InitialHeapSize                          = 264241152                                 {product} {ergonomic}
   size_t MarkStackSize                            = 4194304                                   {product} {ergonomic}
   size_t MaxHeapSize                              = 4223664128                                {product} {ergonomic}
   size_t MaxNewSize                               = 2533359616                                {product} {ergonomic}
   size_t MinHeapDeltaBytes                        = 2097152                                   {product} {ergonomic}
   size_t MinHeapSize                              = 8388608                                   {product} {ergonomic}
    uintx NonNMethodCodeHeapSize                   = 5839372                                {pd product} {ergonomic}
    uintx NonProfiledCodeHeapSize                  = 122909434                              {pd product} {ergonomic}
    uintx ProfiledCodeHeapSize                     = 122909434                              {pd product} {ergonomic}
    uintx ReservedCodeCacheSize                    = 251658240                              {pd product} {ergonomic}
     bool SegmentedCodeCache                       = true                                      {product} {ergonomic}
   size_t SoftMaxHeapSize                          = 4223664128                             {manageable} {ergonomic}
     bool UseCompressedOops                        = true                           {product lp64_product} {ergonomic}
     bool UseG1GC                                  = true                                      {product} {ergonomic}
     bool UseLargePagesIndividualAllocation        = false                                  {pd product} {ergonomic}

Logging:
Log output configuration:
 #0: stdout all=warning uptime,level,tags foldmultilines=false
 #1: stderr all=off uptime,level,tags foldmultilines=false

Environment Variables:
PATH=C:\Program Files (x86)\VMware\VMware Player\bin\;C:\Python313\Scripts\;C:\Python313\;C:\Program Files\Java\jdk-21.0.6\bin;C:\Windows\system32;C:\Windows;C:\Windows\System32\Wbem;C:\Windows\System32\WindowsPowerShell\v1.0\;C:\Windows\System32\OpenSSH\;C:\Program Files (x86)\Yarn\bin\;C:\ProgramData\chocolatey\bin;C:\Program Files\apache-maven-3.9.9\bin;C:\Program Files\Git\cmd;C:\Program Files\Docker\Docker\resources\bin;C:\xampp\php;C:\composer;%NVM_HOME%;%NVM_SYMLINK%;C:\Users\fopoa\AppData\Local\Microsoft\WindowsApps;C:\Users\fopoa\AppData\Local\Programs\Microsoft VS Code\bin;C:\Users\fopoa\AppData\Roaming\npm;C:\Users\fopoa\AppData\Local\Yarn\bin;C:\Program Files\JetBrains\IntelliJ IDEA 2024.3.2.2\bin;;C:\Program Files\Java\jdk-21.0.6\bin;C:\Users\fopoa\AppData\Local\GitHubDesktop\bin;C:\Users\fopoa\AppData\Roaming\Composer\vendor\bin;C:\Users\fopoa\AppData\Local\nvm;C:\nvm4w\nodejs
USERNAME=fopoa
OS=Windows_NT
PROCESSOR_IDENTIFIER=Intel64 Family 6 Model 154 Stepping 4, GenuineIntel
TMP=C:\Users\fopoa\AppData\Local\Temp
TEMP=C:\Users\fopoa\AppData\Local\Temp




Periodic native trim disabled

---------------  S Y S T E M  ---------------

OS:
 Windows 11 , 64 bit Build 26100 (10.0.26100.4202)
OS uptime: 9 days 18:38 hours
Hyper-V role detected

CPU: total 12 (initial active 12) (6 cores per cpu, 2 threads per core) family 6 model 154 stepping 4 microcode 0x433, cx8, cmov, fxsr, ht, mmx, 3dnowpref, sse, sse2, sse3, ssse3, sse4.1, sse4.2, popcnt, lzcnt, tsc, tscinvbit, avx, avx2, aes, erms, clmul, bmi1, bmi2, adx, sha, fma, vzeroupper, clflush, clflushopt, clwb, hv, serialize, rdtscp, rdpid, fsrm, f16c, cet_ibt, cet_ss
Processor Information for processor 0
  Max Mhz: 1700, Current Mhz: 1700, Mhz Limit: 1700
Processor Information for processor 1
  Max Mhz: 1700, Current Mhz: 1700, Mhz Limit: 1700
Processor Information for processor 2
  Max Mhz: 1700, Current Mhz: 1700, Mhz Limit: 1700
Processor Information for processor 3
  Max Mhz: 1700, Current Mhz: 1700, Mhz Limit: 1700
Processor Information for processor 4
  Max Mhz: 1200, Current Mhz: 1200, Mhz Limit: 1200
Processor Information for processor 5
  Max Mhz: 1200, Current Mhz: 1200, Mhz Limit: 1200
Processor Information for processor 6
  Max Mhz: 1200, Current Mhz: 1200, Mhz Limit: 1200
Processor Information for processor 7
  Max Mhz: 1200, Current Mhz: 1200, Mhz Limit: 1200
Processor Information for processor 8
  Max Mhz: 1200, Current Mhz: 1200, Mhz Limit: 1200
Processor Information for processor 9
  Max Mhz: 1200, Current Mhz: 1200, Mhz Limit: 1200
Processor Information for processor 10
  Max Mhz: 1200, Current Mhz: 1200, Mhz Limit: 1200
Processor Information for processor 11
  Max Mhz: 1200, Current Mhz: 1200, Mhz Limit: 1200

Memory: 4k page, system-wide physical 16108M (1013M free)
TotalPageFile size 40698M (AvailPageFile size 9M)
current process WorkingSet (physical memory assigned to process): 417M, peak: 418M
current process commit charge ("private bytes"): 476M, peak: 478M

vm_info: Java HotSpot(TM) 64-Bit Server VM (21.0.6+8-LTS-188) for windows-amd64 JRE (21.0.6+8-LTS-188), built on 2024-12-03T10:50:54Z by "mach5one" with MS VC++ 17.6 (VS2022)

END.
